4045
18 194 29 194
26 76 37 76
134 238 145 238
169 41 180 41
59 28 70 28
111 85 122 85
196 0 199 2
76 185 87 185
116 23 121 24
34 226 37 228
117 240 122 241
94 136 105 136
19 195 24 196
111 163 122 163
112 122 123 122
98 41 109 41
114 52 125 52
22 74 25 76
41 119 52 119
4 106 6 109
46 101 57 101
105 153 116 153
66 227 71 228
13 166 24 166
118 100 129 100
195 143 199 144
120 135 131 135
90 137 101 137
186 85 197 85
191 57 196 58
165 76 170 77
79 112 90 112
80 23 85 24
134 80 145 80
162 60 173 60
55 12 66 12
44 165 55 165
93 148 104 148
19 91 22 93
146 71 157 71
84 143 95 143
16 131 21 132
6 185 9 187
45 35 50 36
17 31 28 31
133 191 144 191
164 135 175 135
135 40 146 40
166 205 177 205
105 88 116 88
106 65 117 65
119 28 130 28
101 44 112 44
89 47 100 47
140 236 151 236
43 198 54 198
109 245 120 245
43 129 54 129
67 53 78 53
85 99 96 99
131 197 142 197
38 245 49 245
131 86 142 86
39 60 42 62
154 183 165 183
69 157 80 157
114 68 125 68
156 185 167 185
173 67 175 70
65 16 76 16
190 188 199 188
193 3 196 5
7 233 18 233
23 213 34 213
74 23 79 24
175 97 186 97
7 216 18 216
38 81 49 81
55 118 66 118
10 98 21 98
97 245 108 245
195 245 198 247
73 236 76 238
20 61 31 61
144 207 155 207
68 56 73 57
1 19 4 21
16 29 21 30
109 61 114 62
184 171 195 171
80 156 91 156
82 65 93 65
13 234 24 234
97 92 108 92
101 2 112 2
27 95 38 95
15 156 20 157
18 137 29 137
5 79 6 84
121 124 126 125
3 152 5 155
182 130 193 130
48 174 53 175
38 32 49 32
114 242 125 242
150 134 161 134
35 0 40 1
171 82 182 82
176 238 181 239
12 29 15 31
65 244 76 244
73 162 84 162
62 103 73 103
129 216 131 219
121 97 126 98
91 104 102 104
6 110 17 110
73 41 84 41
65 248 76 248
139 90 150 90
54 173 57 175
148 170 153 171
28 100 39 100
39 142 50 142
42 215 53 215
191 20 199 20
27 179 29 182
3 119 8 120
70 145 81 145
134 29 145 29
125 86 130 87
75 147 86 147
38 103 49 103
69 43 72 45
88 190 99 190
1 17 6 18
58 140 63 141
11 206 22 206
94 193 105 193
118 78 123 79
173 156 184 156
99 243 110 243
107 87 118 87
152 154 163 154
185 156 196 156
186 138 189 140
94 164 105 164
141 17 144 19
2 104 3 109
91 106 96 107
91 230 102 230
95 158 106 158
64 126 69 127
133 121 144 121
139 150 144 151
49 120 60 120
57 143 59 146
145 99 156 99
180 141 185 142
76 69 87 69
110 29 121 29
51 35 54 37
41 110 46 111
112 25 123 25
86 34 97 34
118 220 129 220
91 74 102 74
40 160 51 160
65 211 76 211
2 206 4 209
62 173 73 173
58 113 63 114
5 35 7 38
116 54 121 55
72 90 83 90
157 130 168 130
157 145 168 145
164 214 175 214
185 17 196 17
109 132 114 133
97 71 108 71
198 155 199 160
159 216 164 217
197 55 199 58
109 70 114 71
89 196 94 197
184 8 195 8
29 82 40 82
37 68 48 68
79 104 90 104
81 241 92 241
98 138 109 138
35 232 40 233
80 105 91 105
112 101 123 101
126 41 131 42
127 97 132 98
182 34 193 34
176 67 178 70
167 155 178 155
19 123 24 124
13 56 24 56
98 141 109 141
165 235 176 235
12 189 13 194
186 172 191 173
117 18 128 18
195 148 198 150
148 128 159 128
38 139 49 139
79 76 90 76
121 126 132 126
119 248 124 249
197 231 199 234
140 38 151 38
1 158 1 169
160 169 165 170
26 15 37 15
114 39 125 39
141 234 152 234
48 90 59 90
112 185 123 185
6 213 9 215
136 169 141 170
115 123 117 126
53 86 64 86
33 203 38 204
162 237 173 237
188 47 199 47
11 1 13 4
188 104 191 106
30 181 32 184
11 179 13 182
79 74 90 74
162 49 167 50
45 168 56 168
19 70 22 72
42 151 53 151
26 73 29 75
147 83 158 83
107 158 112 159
86 40 91 41
131 192 142 192
146 26 151 27
162 75 173 75
161 158 166 159
15 95 26 95
173 232 178 233
99 240 104 241
74 56 76 59
62 94 73 94
59 91 64 92
79 151 84 152
79 106 84 107
86 27 97 27
125 49 136 49
189 145 199 145
41 223 52 223
147 95 152 96
139 120 150 120
180 101 191 101
123 155 134 155
166 136 177 136
105 200 116 200
143 37 154 37
150 244 161 244
196 157 197 162
74 15 85 15
62 174 73 174
98 144 103 145
123 240 128 241
156 51 161 52
158 28 163 29
140 26 145 27
54 172 65 172
10 247 15 248
48 149 53 150
10 99 21 99
77 5 88 5
105 5 116 5
0 217 2 220
72 227 77 228
108 143 119 143
48 172 53 173
154 6 165 6
2 142 4 145
39 70 42 72
20 237 31 237
105 186 116 186
122 10 127 11
156 149 167 149
168 180 179 180
170 71 181 71
42 137 53 137
17 2 19 5
2 166 4 169
140 221 151 221
32 25 35 27
103 179 114 179
0 213 2 216
81 67 92 67
45 204 56 204
65 4 76 4
81 194 92 194
0 74 0 85
23 63 28 64
33 241 44 241
101 177 112 177
118 99 129 99
60 179 65 180
151 242 156 243
88 204 93 205
36 90 47 90
113 31 124 31
187 96 192 97
190 140 199 140
186 141 191 142
0 47 0 58
97 120 102 121
171 83 182 83
11 178 22 178
25 56 36 56
136 128 147 128
77 56 79 59
155 208 166 208
113 18 116 20
62 138 67 139
173 190 184 190
110 9 115 10
88 155 99 155
90 75 101 75
188 225 190 228
10 214 21 214
157 113 162 114
195 102 199 103
13 106 24 106
29 234 40 234
43 195 46 197
2 212 13 212
47 196 52 197
66 149 77 149
127 210 138 210
7 197 18 197
0 86 2 89
136 174 138 177
48 155 59 155
13 22 18 23
66 50 77 50
76 48 87 48
171 98 173 101
173 44 178 45
58 160 69 160
75 95 80 96
19 108 24 109
128 23 139 23
172 169 183 169
35 195 38 197
74 216 79 217
196 126 199 128
21 55 32 55
4 59 7 61
2 140 7 141
40 27 51 27
139 174 141 177
5 6 16 6
116 139 127 139
141 200 152 200
171 186 182 186
180 187 191 187
31 167 36 168
33 144 44 144
101 174 112 174
182 105 187 106
30 137 41 137
124 48 135 48
130 67 135 68
130 205 141 205
0 16 11 16
36 45 41 46
58 158 69 158
19 168 30 168
9 7 14 8
178 183 189 183
174 78 185 78
174 9 179 10
140 185 143 187
0 190 5 191
161 86 166 87
2 146 3 151
103 74 114 74
164 227 169 228
180 98 183 100
181 51 184 53
57 203 68 203
66 192 77 192
91 110 94 112
1 66 12 66
14 125 25 125
177 154 188 154
186 122 189 124
2 58 13 58
37 225 48 225
104 99 107 101
71 28 76 29
21 144 32 144
182 211 193 211
175 65 186 65
7 24 12 25
8 115 19 115
22 248 27 249
171 30 173 33
2 210 13 210
183 132 194 132
62 236 64 239
41 59 52 59
158 226 169 226
42 19 44 22
72 135 83 135
157 92 168 92
63 36 68 37
74 27 85 27
131 208 142 208
174 85 185 85
137 21 148 21
186 182 197 182
35 86 46 86
139 101 144 102
64 122 75 122
66 52 77 52
167 157 170 159
149 159 160 159
25 195 30 196
30 194 41 194
93 36 104 36
52 102 63 102
110 238 121 238
158 222 169 222
190 223 195 224
153 240 164 240
47 49 52 50
184 133 195 133
9 111 20 111
3 7 8 8
53 119 64 119
69 167 80 167
50 67 61 67
75 88 86 88
97 247 108 247
122 27 133 27
188 120 199 120
59 218 70 218
36 146 39 148
110 34 121 34
63 43 68 44
146 62 157 62
174 123 179 124
96 135 107 135
131 24 142 24
154 169 159 170
181 26 192 26
32 165 43 165
113 16 124 16
145 3 148 5
25 24 26 29
111 3 116 4
34 187 45 187
194 211 199 212
67 105 70 107
50 81 61 81
0 62 0 73
42 39 53 39
75 181 80 182
132 144 143 144
179 163 190 163
179 232 184 233
126 199 137 199
101 82 106 83
79 209 90 209
180 172 185 173
155 44 160 45
13 64 18 65
145 150 150 151
58 110 69 110
99 110 102 112
125 217 128 219
60 155 71 155
151 113 156 114
79 0 82 2
190 124 199 124
93 167 104 167
50 60 55 61
150 109 161 109
165 201 176 201
25 68 36 68
39 96 50 96
68 23 73 24
24 152 29 153
71 207 82 207
115 230 126 230
83 86 88 87
115 132 126 132
167 20 172 21
9 133 12 135
40 51 45 52
113 44 118 45
42 46 53 46
60 90 71 90
78 242 89 242
99 181 110 181
60 249 71 249
120 143 131 143
2 110 5 112
124 101 135 101
148 110 159 110
155 127 166 127
178 212 189 212
119 233 130 233
145 17 148 19
81 167 86 168
33 88 38 89
80 80 85 81
175 95 186 95
182 152 193 152
185 198 196 198
0 17 0 28
162 46 173 46
184 128 195 128
65 181 68 183
59 208 70 208
87 32 98 32
21 230 26 231
90 180 101 180
1 171 1 182
84 236 89 237
110 138 121 138
132 145 137 146
192 29 197 30
3 46 14 46
122 140 133 140
151 147 162 147
162 195 165 197
107 28 118 28
12 172 17 173
65 82 70 83
142 188 153 188
101 49 112 49
174 172 179 173
159 82 170 82
57 181 60 183
95 208 106 208
103 120 114 120
93 240 98 241
33 181 44 181
75 235 86 235
172 192 177 193
69 168 80 168
119 1 130 1
35 20 38 22
131 178 142 178
150 43 161 43
83 1 94 1
52 9 54 12
116 165 127 165
85 133 96 133
96 227 99 229
85 166 96 166
171 164 182 164
33 35 44 35
111 181 122 181
155 157 166 157
173 17 178 18
175 230 186 230
181 166 184 168
161 190 172 190
13 195 18 196
30 180 41 180
98 27 109 27
29 232 34 233
12 240 23 240
76 72 87 72
34 49 45 49
126 149 131 150
151 229 156 230
165 200 176 200
0 238 11 238
93 35 104 35
169 3 180 3
63 0 68 1
177 203 188 203
179 136 190 136
121 192 124 194
177 56 180 58
83 163 94 163
137 49 148 49
8 34 10 37
78 191 81 193
1 47 1 58
22 187 33 187
54 75 65 75
121 110 132 110
59 233 70 233
102 206 113 206
80 33 91 33
69 181 71 184
116 26 121 27
73 43 84 43
91 182 94 184
99 246 110 246
29 16 30 21
21 157 32 157
37 11 42 12
99 157 110 157
150 50 161 50
86 161 97 161
122 211 133 211
96 213 99 215
193 96 198 97
45 153 56 153
131 127 142 127
140 47 151 47
40 102 51 102
95 233 106 233
187 113 198 113
19 54 30 54
26 103 37 103
93 186 104 186
67 58 69 61
77 16 88 16
89 44 94 45
89 82 94 83
63 88 68 89
148 25 159 25
109 191 114 192
52 171 63 171
31 53 36 54
10 215 21 215
147 195 150 197
131 163 142 163
50 112 55 113
115 210 126 210
147 216 152 217
150 186 155 187
56 236 61 237
3 157 14 157
22 179 23 184
58 191 61 193
116 105 127 105
151 120 162 120
25 232 28 234
33 200 44 200
135 164 146 164
184 157 189 158
25 66 36 66
119 30 130 30
75 119 86 119
125 16 136 16
20 4 31 4
44 114 55 114
172 224 183 224
116 116 121 117
36 221 47 221
4 47 9 48
80 42 91 42
50 32 55 33
128 117 139 117
191 52 196 53
100 236 105 237
57 245 60 247
18 173 29 173
24 221 35 221
74 161 85 161
101 195 106 196
35 58 40 59
58 159 69 159
90 39 101 39
122 116 127 117
136 99 138 102
73 225 84 225
173 2 184 2
35 178 46 178
171 76 176 77
28 141 39 141
83 64 94 64
145 101 156 101
146 34 157 34
153 234 158 235
1 195 12 195
70 73 81 73
73 114 84 114
89 55 94 56
190 216 199 216
70 47 75 48
28 107 39 107
32 5 43 5
63 210 74 210
2 47 3 52
84 213 95 213
44 247 49 248
16 104 21 105
40 188 51 188
3 41 6 43
74 94 85 94
170 222 181 222
163 173 165 176
50 15 61 15
0 183 1 188
25 162 36 162
51 8 62 8
11 119 22 119
73 66 84 66
88 212 99 212
90 68 101 68
135 63 146 63
7 17 12 18
170 122 173 124
3 45 14 45
95 1 106 1
127 129 138 129
70 136 81 136
108 223 119 223
164 19 175 19
0 101 0 112
35 229 46 229
43 65 54 65
74 40 85 40
90 46 101 46
154 180 157 182
172 25 183 25
112 148 123 148
144 42 155 42
190 79 199 79
115 114 126 114
31 129 36 130
84 201 89 202
99 95 104 96
12 151 17 152
40 2 43 4
37 53 48 53
127 151 138 151
170 34 181 34
16 13 27 13
150 199 161 199
153 88 164 88
160 110 171 110
86 139 91 140
195 34 198 36
184 231 195 231
20 38 31 38
52 222 63 222
136 122 147 122
191 196 196 197
170 89 181 89
169 113 174 114
155 24 166 24
91 129 96 130
65 5 76 5
179 127 190 127
89 86 100 86
104 81 115 81
154 81 165 81
133 3 144 3
10 140 15 141
9 114 20 114
18 188 19 193
136 119 147 119
48 170 59 170
64 69 75 69
117 14 128 14
127 209 138 209
113 248 118 249
44 238 55 238
123 147 134 147
57 184 68 184
65 91 70 92
118 191 120 194
113 115 124 115
133 107 144 107
160 8 171 8
27 86 28 91
13 66 24 66
52 159 57 160
20 14 25 15
56 216 61 217
90 52 101 52
157 126 168 126
95 195 100 196
69 153 80 153
34 214 35 219
108 135 119 135
36 34 47 34
107 1 118 1
61 234 72 234
104 47 115 47
75 76 78 78
117 95 122 96
165 143 176 143
174 122 185 122
143 64 154 64
166 81 177 81
183 118 194 118
172 42 183 42
109 66 120 66
152 116 163 116
158 94 169 94
29 63 40 63
41 17 46 18
58 187 69 187
64 51 75 51
194 129 199 130
121 245 132 245
157 168 168 168
38 237 43 238
169 118 180 118
44 164 55 164
92 154 103 154
48 191 51 193
125 115 136 115
97 66 108 66
33 157 44 157
101 173 112 173
159 203 170 203
91 62 96 63
127 74 138 74
54 194 65 194
55 198 66 198
140 222 145 223
146 108 157 108
70 108 73 110
36 155 47 155
172 175 183 175
189 165 191 168
125 44 130 45
92 116 103 116
50 23 61 23
1 199 2 204
89 28 100 28
124 169 135 169
57 157 68 157
22 47 27 48
77 49 88 49
122 26 133 26
135 95 140 96
159 100 170 100
188 67 190 70
25 129 30 130
59 10 64 11
78 137 89 137
11 163 22 163
38 40 49 40
105 3 110 4
139 129 150 129
7 125 9 128
88 79 99 79
73 111 78 112
89 244 100 244
99 8 110 8
110 23 115 24
32 149 43 149
93 3 98 4
134 211 145 211
29 206 34 207
60 6 65 7
157 121 168 121
191 241 199 241
60 151 71 151
123 202 134 202
139 210 150 210
1 152 2 157
19 121 30 121
129 17 134 18
95 110 98 112
19 84 24 85
73 68 84 68
109 130 120 130
127 198 138 198
101 86 106 87
147 40 158 40
167 189 178 189
103 84 108 85
134 26 139 27
182 116 187 117
11 213 22 213
69 71 80 71
140 67 143 69
148 122 159 122
99 142 110 142
152 17 157 18
189 143 194 144
54 215 65 215
58 48 69 48
142 194 153 194
10 76 15 77
143 24 154 24
161 156 172 156
100 0 111 0
128 154 139 154
151 31 156 32
79 132 84 133
164 38 175 38
105 231 116 231
71 86 82 86
42 194 53 194
187 43 198 43
41 6 52 6
129 200 140 200
83 82 88 83
19 216 30 216
52 189 63 189
101 172 112 172
119 158 130 158
8 165 19 165
89 57 94 58
133 97 138 98
10 187 21 187
107 232 112 233
12 153 17 154
32 191 43 191
59 30 70 30
109 84 120 84
174 33 185 33
21 45 32 45
84 239 95 239
180 15 191 15
1 140 1 151
55 190 57 193
81 183 86 184
13 14 18 15
61 58 63 61
12 118 23 118
28 48 39 48
102 222 113 222
154 65 165 65
194 70 199 71
5 19 8 21
5 235 8 237
196 72 199 74
179 44 184 45
71 30 82 30
90 199 101 199
5 206 10 207
84 223 95 223
182 91 193 91
166 122 169 124
137 159 148 159
181 247 192 247
110 54 115 55
29 188 31 191
51 95 62 95
102 46 113 46
118 136 129 136
122 80 127 81
10 81 21 81
82 193 93 193
156 160 167 160
20 58 25 59
78 50 89 50
186 237 197 237
175 61 186 61
82 171 93 171
29 86 34 87
99 63 110 63
162 51 167 52
109 166 120 166
68 26 73 27
151 30 162 30
167 35 170 37
95 59 106 59
193 242 196 244
7 108 12 109
78 215 89 215
90 214 95 215
87 88 92 89
20 5 31 5
22 136 33 136
151 74 162 74
0 192 11 192
34 158 45 158
47 233 58 233
169 243 180 243
66 39 77 39
67 54 78 54
114 221 119 222
53 49 64 49
160 42 171 42
170 26 172 29
24 217 26 220
129 240 140 240
139 4 144 5
182 225 184 228
121 121 132 121
124 22 135 22
99 14 104 15
16 141 27 141
34 136 45 136
146 80 157 80
122 164 133 164
126 0 137 0
152 26 163 26
54 18 59 19
58 117 69 117
127 90 138 90
6 180 8 183
137 16 148 16
140 124 151 124
59 82 64 83
95 30 106 30
138 43 149 43
106 204 117 204
65 222 68 224
11 34 22 34
2 94 13 94
40 189 45 190
89 115 100 115
136 48 147 48
50 103 61 103
67 230 78 230
119 59 122 61
152 55 163 55
5 177 16 177
100 102 111 102
187 95 198 95
51 210 62 210
67 132 78 132
132 12 137 13
100 122 111 122
135 73 146 73
82 188 87 189
7 27 18 27
40 98 51 98
149 232 160 232
174 11 185 11
183 186 194 186
76 212 87 212
162 182 173 182
63 8 74 8
123 112 134 112
89 9 91 12
123 142 134 142
126 109 137 109
158 62 169 62
115 191 117 194
67 111 72 112
171 202 176 203
52 185 63 185
66 179 77 179
171 102 182 102
28 222 39 222
109 53 120 53
37 120 48 120
123 156 134 156
193 12 198 13
38 42 49 42
83 2 88 3
15 8 26 8
104 23 109 24
63 14 74 14
151 104 162 104
61 246 66 247
64 146 75 146
117 90 120 92
0 97 2 100
56 97 67 97
81 220 83 223
127 229 138 229
145 113 150 114
187 177 198 177
155 144 166 144
111 243 122 243
109 90 112 92
103 106 108 107
3 204 14 204
109 106 114 107
59 9 70 9
9 241 14 242
53 245 56 247
98 42 103 43
83 30 94 30
0 239 5 240
175 48 177 51
13 120 18 121
27 217 30 219
93 168 104 168
2 184 13 184
18 39 29 39
79 198 90 198
97 162 108 162
139 35 142 37
154 79 165 79
183 14 194 14
2 35 2 46
5 142 8 144
16 185 27 185
97 62 108 62
114 41 125 41
1 15 12 15
62 116 73 116
163 125 174 125
54 150 59 151
1 101 1 112
114 75 125 75
185 151 196 151
71 91 82 91
157 229 168 229
169 121 180 121
190 183 199 183
32 145 43 145
108 175 119 175
117 3 120 5
145 168 156 168
0 118 11 118
18 110 29 110
163 30 166 32
178 48 189 48
42 7 53 7
119 15 130 15
157 225 168 225
154 195 157 197
126 12 131 13
123 85 134 85
16 51 27 51
136 221 139 223
92 144 97 145
159 63 170 63
0 115 3 117
1 196 12 196
33 186 44 186
41 207 46 208
41 112 46 113
175 104 186 104
64 185 75 185
78 39 89 39
65 236 68 238
38 76 49 76
179 241 190 241
111 168 116 169
131 64 142 64
171 36 176 37
123 203 134 203
10 161 21 161
16 205 27 205
133 168 144 168
86 26 97 26
113 244 124 244
121 162 132 162
140 105 151 105
56 110 57 115
179 248 190 248
99 3 104 4
168 133 179 133
28 205 39 205
83 0 94 0
98 211 109 211
171 40 182 40
61 245 72 245
153 245 164 245
155 163 166 163
119 178 130 178
130 189 141 189
160 193 171 193
180 155 191 155
106 22 117 22
160 128 171 128
3 121 5 124
1 130 12 130
48 180 59 180
110 152 121 152
23 20 28 21
115 180 126 180
174 90 185 90
185 87 196 87
64 111 66 114
106 67 117 67
8 146 11 148
21 111 23 114
118 189 129 189
134 94 145 94
80 109 91 109
46 189 51 190
117 202 122 203
189 82 194 83
1 137 4 139
10 223 21 223
77 28 88 28
92 117 103 117
190 157 192 160
61 225 72 225
171 184 182 184
0 35 0 46
37 133 48 133
14 210 25 210
102 52 113 52
105 203 116 203
111 8 122 8
41 63 46 64
0 0 2 3
84 6 89 7
157 97 158 102
144 41 155 41
102 226 113 226
7 70 18 70
47 64 58 64
82 123 93 123
24 34 35 34
115 71 126 71
80 141 91 141
13 108 18 109
103 93 114 93
130 76 133 78
17 244 28 244
20 145 31 145
127 230 138 230
123 119 134 119
136 228 147 228
19 232 24 233
75 0 78 2
160 122 165 123
36 170 47 170
72 97 77 98
154 223 159 224
179 144 182 146
98 34 109 34
111 119 122 119
95 55 97 58
11 200 16 201
27 92 38 92
40 205 51 205
182 55 193 55
29 28 34 29
58 136 69 136
73 133 78 134
152 54 163 54
26 164 31 165
37 66 48 66
145 132 156 132
167 87 178 87
174 134 185 134
102 131 113 131
22 49 33 49
183 184 194 184
124 56 129 57
53 232 64 232
186 33 197 33
65 115 76 115
143 30 146 32
6 190 11 191
90 236 95 237
121 4 132 4
159 184 170 184
8 158 9 163
68 32 73 33
15 143 20 144
62 23 67 24
164 54 175 54
76 51 87 51
159 186 170 186
40 140 45 141
115 93 126 93
74 173 77 175
93 88 98 89
107 59 118 59
64 58 66 61
34 30 45 30
106 136 117 136
4 125 6 128
82 191 93 191
150 201 161 201
57 88 62 89
53 177 64 177
64 212 75 212
145 177 156 177
153 216 158 217
45 55 56 55
57 167 68 167
69 223 80 223
124 175 129 176
1 79 4 81
128 80 133 81
119 195 130 195
4 75 15 75
20 2 31 2
53 211 64 211
52 216 55 218
109 193 114 194
137 81 140 83
138 39 149 39
168 169 171 171
169 162 180 162
127 91 138 91
48 216 51 218
124 51 135 51
138 137 149 137
185 190 196 190
185 44 190 45
145 174 150 175
70 144 81 144
113 197 124 197
32 58 34 61
128 124 139 124
52 27 63 27
69 36 74 37
97 91 108 91
16 49 21 50
124 122 135 122
134 110 139 111
59 64 70 64
1 119 2 124
67 152 78 152
97 130 108 130
38 110 40 113
53 206 64 206
180 180 191 180
135 88 140 89
146 11 157 11
113 158 118 159
118 224 129 224
58 123 63 124
104 144 107 146
110 11 121 11
126 131 137 131
138 0 149 0
41 0 46 1
131 44 142 44
164 28 169 29
59 229 70 229
23 70 28 71
78 6 83 7
45 143 50 144
139 104 150 104
186 75 197 75
184 146 195 146
188 109 199 109
192 192 197 193
41 232 52 232
130 65 141 65
47 229 58 229
98 23 103 24
142 205 153 205
176 135 187 135
105 240 110 241
166 223 171 224
179 20 190 20
97 172 100 174
190 99 195 100
51 14 62 14
79 126 90 126
141 240 146 241
3 95 14 95
52 131 63 131
102 39 113 39
5 158 7 161
2 158 4 161
23 0 28 1
158 161 169 161
122 138 133 138
142 136 153 136
181 27 186 28
28 236 39 236
157 191 168 191
46 104 51 105
62 217 73 217
139 198 150 198
56 60 58 63
57 201 68 201
102 176 113 176
196 23 199 25
91 93 102 93
157 242 168 242
183 112 194 112
20 150 31 150
60 19 62 22
144 149 155 149
151 129 156 130
127 113 138 113
44 2 46 5
22 214 27 215
52 105 63 105
88 51 99 51
102 13 113 13
102 97 113 97
106 220 117 220
16 189 17 194
187 107 198 107
38 159 49 159
84 18 95 18
126 226 137 226
160 48 171 48
85 84 96 84
168 56 170 59
88 69 99 69
104 117 115 117
8 136 9 141
113 215 124 215
168 187 179 187
180 249 191 249
145 133 156 133
146 29 157 29
63 21 68 22
80 216 91 216
139 97 150 97
169 229 174 230
49 162 60 162
9 143 14 144
64 98 67 100
142 65 153 65
82 164 93 164
169 150 174 151
27 24 28 29
55 84 60 85
110 103 121 103
134 108 145 108
173 215 184 215
120 175 123 177
171 218 176 219
82 187 93 187
103 230 114 230
17 0 22 1
57 121 68 121
81 21 92 21
121 5 132 5
43 230 48 231
141 165 152 165
152 124 163 124
182 94 193 94
81 203 92 203
158 108 169 108
153 4 164 4
10 9 21 9
21 235 26 236
14 138 25 138
75 37 86 37
165 153 170 154
181 201 186 202
6 121 8 124
28 109 39 109
188 93 199 93
140 54 145 55
54 214 65 214
165 165 176 165
42 214 53 214
38 67 49 67
52 123 57 124
69 224 80 224
21 242 26 243
182 67 184 70
189 245 194 246
199 189 199 200
122 34 133 34
154 56 157 58
28 247 39 247
133 118 144 118
10 128 21 128
62 76 73 76
128 214 139 214
151 125 162 125
127 182 138 182
152 135 163 135
172 148 183 148
3 203 14 203
58 101 69 101
105 14 116 14
132 41 143 41
96 6 101 7
124 102 135 102
70 55 81 55
141 203 152 203
177 217 182 218
188 192 191 194
22 222 27 223
1 26 12 26
53 223 58 224
124 25 135 25
157 146 168 146
146 138 157 138
27 203 32 204
163 104 174 104
164 238 169 239
5 176 16 176
127 242 138 242
147 82 158 82
145 106 150 107
151 213 162 213
174 7 185 7
7 198 18 198
144 143 146 146
162 9 167 10
101 21 112 21
141 153 152 153
27 242 38 242
150 7 161 7
167 196 178 196
3 213 5 216
28 104 31 106
41 28 52 28
168 207 173 208
29 199 32 201
178 29 181 31
73 45 84 45
74 26 85 26
56 165 67 165
72 249 83 249
126 145 131 146
138 201 149 201
123 73 134 73
72 219 83 219
111 142 122 142
176 19 187 19
131 87 142 87
91 246 96 247
81 134 92 134
168 141 179 141
112 188 117 189
138 46 149 46
25 84 36 84
29 24 31 27
133 66 144 66
139 59 142 61
97 225 108 225
98 26 109 26
192 32 199 32
83 178 94 178
68 154 79 154
73 129 78 130
197 204 199 207
172 72 183 72
59 178 70 178
61 120 72 120
79 77 84 78
86 103 97 103
118 186 129 186
35 70 38 72
63 72 74 72
46 145 47 150
115 60 118 62
88 122 99 122
158 180 161 182
58 73 69 73
14 189 15 194
135 17 140 18
131 45 142 45
130 188 141 188
78 131 89 131
10 48 21 48
35 213 46 213
128 38 139 38
107 30 118 30
153 172 164 172
55 135 66 135
20 80 31 80
124 212 127 214
127 106 132 107
22 99 33 99
38 83 49 83
133 225 144 225
151 167 162 167
145 191 156 191
22 131 27 132
35 223 40 224
42 226 45 228
74 34 85 34
86 152 97 152
18 18 20 21
130 204 141 204
188 214 199 214
94 220 105 220
105 219 116 219
161 115 172 115
47 207 52 208
71 10 76 11
36 202 47 202
148 67 151 69
47 71 58 71
2 90 4 93
138 56 141 58
21 35 26 36
187 61 198 61
0 4 0 15
26 57 28 60
82 73 93 73
21 217 23 220
169 65 174 66
175 166 180 167
131 15 142 15
122 70 133 70
152 38 163 38
167 30 170 32
49 234 60 234
189 240 199 240
21 226 23 229
94 170 99 171
1 35 1 46
71 241 76 242
132 239 143 239
59 213 70 213
92 146 103 146
36 41 47 41
185 225 187 228
128 93 139 93
42 176 53 176
47 213 58 213
50 24 61 24
103 110 106 112
21 156 32 156
78 97 89 97
110 161 121 161
14 126 25 126
35 163 46 163
59 207 70 207
136 67 139 69
32 57 43 57
172 171 183 171
84 218 87 220
92 218 97 219
109 247 120 247
72 201 77 202
135 85 146 85
103 198 114 198
118 65 129 65
13 25 24 25
38 94 49 94
28 143 39 143
58 125 69 125
88 189 99 189
191 86 199 86
120 160 131 160
75 110 86 110
165 234 176 234
73 126 78 127
76 146 87 146
161 215 172 215
38 240 49 240
170 108 181 108
38 15 49 15
78 179 89 179
85 43 88 45
50 94 61 94
90 176 101 176
109 209 114 210
159 83 170 83
6 239 11 240
174 160 185 160
21 46 32 46
13 135 24 135
46 51 51 52
142 58 153 58
38 33 49 33
103 104 114 104
114 43 125 43
126 201 137 201
143 15 154 15
194 225 196 228
105 147 110 148
100 212 105 213
146 238 157 238
170 94 181 94
196 104 199 106
10 159 21 159
178 23 189 23
181 84 192 84
53 0 58 1
109 129 120 129
137 248 142 249
150 59 161 59
116 154 127 154
6 217 8 220
26 125 31 126
29 0 34 1
23 43 34 43
71 83 82 83
145 121 156 121
71 178 82 178
100 51 111 51
151 106 162 106
135 173 146 173
163 213 174 213
57 204 68 204
161 78 172 78
165 240 176 240
47 86 52 87
170 211 181 211
147 245 152 246
157 176 162 177
66 13 77 13
192 178 199 178
121 3 132 3
14 32 19 33
119 64 130 64
164 16 175 16
167 127 178 127
29 208 40 208
72 213 83 213
106 236 109 238
114 131 125 131
123 40 134 40
26 210 37 210
2 53 4 56
90 13 101 13
195 184 198 186
81 35 92 35
96 201 101 202
157 84 168 84
50 226 53 228
69 88 74 89
114 137 125 137
55 129 60 130
58 111 63 112
39 88 44 89
48 219 59 219
32 80 37 81
27 235 38 235
128 236 139 236
154 188 165 188
24 225 35 225
13 67 24 67
196 174 199 176
53 28 58 29
46 106 57 106
150 51 155 52
156 12 167 12
187 213 198 213
51 96 62 96
58 226 61 228
168 12 179 12
169 53 180 53
172 223 183 223
121 90 126 91
109 113 114 114
5 241 8 243
195 14 198 16
75 128 86 128
53 207 58 208
90 201 95 202
149 156 160 156
53 13 64 13
160 25 171 25
23 81 28 82
110 41 113 43
83 17 94 17
177 111 188 111
49 121 51 124
17 53 28 53
75 35 80 36
46 107 57 107
6 29 11 30
103 98 114 98
100 170 105 171
134 103 145 103
176 16 187 16
122 236 127 237
177 200 180 202
61 129 72 129
29 177 40 177
100 72 111 72
169 209 180 209
89 16 100 16
159 98 170 98
1 235 4 237
55 240 58 242
47 17 58 17
121 191 132 191
179 189 190 189
183 217 188 218
190 138 195 139
59 163 70 163
64 188 75 188
0 225 11 225
16 11 21 12
162 134 173 134
5 39 10 40
1 129 12 129
47 4 58 4
146 9 157 9
49 132 54 133
166 220 177 220
134 161 145 161
14 139 25 139
187 210 198 210
52 98 63 98
65 241 70 242
15 16 20 17
31 198 42 198
64 79 75 79
106 188 111 189
157 66 168 66
77 177 88 177
127 60 138 60
159 218 170 218
81 231 92 231
149 87 160 87
199 9 199 17
44 104 45 109
41 169 52 169
138 50 149 50
94 187 105 187
166 23 177 23
62 32 67 33
36 214 41 215
85 246 90 247
142 174 144 177
8 59 13 60
140 212 145 213
68 100 79 100
0 241 1 246
71 229 82 229
103 121 114 121
110 164 121 164
111 128 122 128
143 193 154 193
85 106 90 107
114 206 125 206
115 133 126 133
130 79 141 79
85 62 90 63
35 43 46 43
111 147 122 147
159 99 170 99
131 248 136 249
152 117 163 117
164 70 169 71
192 180 197 181
132 149 143 149
98 10 101 12
152 236 163 236
57 147 62 148
32 38 43 38
93 203 104 203
21 186 32 186
133 92 144 92
37 134 42 135
112 170 123 170
80 217 91 217
144 249 155 249
71 9 82 9
81 95 92 95
5 172 7 175
186 131 197 131
101 216 104 218
131 158 136 159
173 198 184 198
107 110 110 112
115 106 120 107
158 17 169 17
186 39 197 39
191 64 196 65
26 42 37 42
168 52 179 52
5 166 8 168
39 242 44 243
132 42 143 42
91 76 96 77
180 185 191 185
125 248 130 249
165 88 176 88
3 69 14 69
0 113 5 114
32 24 43 24
43 9 45 12
88 72 99 72
96 223 107 223
99 40 110 40
124 69 135 69
134 138 145 138
190 122 195 123
118 227 129 227
156 187 167 187
196 117 199 119
94 73 105 73
167 24 178 24
98 216 100 219
28 47 39 47
118 123 120 126
7 200 10 202
70 124 72 127
66 214 77 214
165 101 170 102
52 205 63 205
105 183 110 184
29 13 40 13
191 67 193 70
28 131 39 131
61 62 72 62
132 143 143 143
136 25 147 25
65 86 70 87
35 199 46 199
121 53 132 53
4 131 15 131
98 152 109 152
147 30 150 32
141 76 152 76
145 100 156 100
143 155 154 155
148 22 159 22
192 104 195 106
177 240 188 240
161 20 166 21
63 147 68 148
191 147 199 147
1 71 6 72
80 56 82 59
1 24 6 25
5 90 7 93
19 27 24 28
22 158 33 158
71 195 82 195
123 19 128 20
178 81 189 81
112 214 123 214
104 54 106 57
144 239 155 239
126 39 137 39
155 178 166 178
122 108 133 108
71 82 82 82
126 221 131 222
82 158 93 158
86 138 97 138
111 37 122 37
136 22 147 22
145 162 156 162
105 95 110 96
59 132 62 134
99 124 102 126
148 48 159 48
165 56 167 59
178 159 189 159
95 44 100 45
34 73 45 73
128 213 139 213
135 217 140 218
92 42 97 43
19 209 30 209
47 93 58 93
149 158 160 158
143 86 148 87
17 169 28 169
42 152 53 152
60 202 71 202
193 217 196 219
125 2 136 2
169 130 180 130
56 42 67 42
102 201 107 202
174 30 177 32
46 99 51 100
151 150 156 151
157 31 162 32
54 46 65 46
57 200 68 200
85 120 96 120
109 118 120 118
159 95 162 97
4 12 15 12
36 172 47 172
59 58 60 63
36 173 47 173
87 91 90 93
84 238 95 238
107 15 118 15
9 54 12 56
162 244 173 244
2 57 13 57
12 147 17 148
157 151 168 151
61 53 66 54
2 162 7 163
7 232 18 232
12 174 23 174
19 167 30 167
71 218 82 218
114 141 125 141
32 104 43 104
167 64 178 64
163 35 166 37
195 204 196 209
41 206 52 206
4 9 9 10
6 88 11 89
31 120 36 121
52 25 63 25
141 95 146 96
152 139 163 139
34 156 45 156
87 235 98 235
10 136 21 136
106 170 111 171
110 237 121 237
155 192 166 192
32 2 35 4
162 7 173 7
5 209 16 209
48 41 59 41
2 171 13 171
63 142 74 142
136 227 147 227
32 110 37 111
18 40 29 40
19 197 30 197
180 178 191 178
13 122 24 122
169 225 180 225
7 106 12 107
30 9 33 11
121 129 126 130
34 116 39 117
1 134 4 136
14 83 25 83
9 19 12 21
174 60 185 60
187 125 198 125
74 108 79 109
124 185 135 185
29 88 32 90
5 230 10 231
113 49 124 49
39 19 41 22
103 132 108 133
119 82 124 83
133 126 144 126
140 116 145 117
39 37 50 37
47 0 49 3
111 216 116 217
1 85 12 85
85 85 96 85
163 96 168 97
60 143 71 143
140 23 151 23
71 93 82 93
151 180 153 183
158 34 169 34
123 174 134 174
43 60 46 62
43 135 54 135
169 129 180 129
28 51 39 51
16 179 21 180
93 175 104 175
143 208 154 208
28 102 39 102
73 118 84 118
157 118 168 118
45 241 50 242
179 196 184 197
106 191 108 194
150 137 161 137
71 87 82 87
97 129 108 129
80 165 91 165
114 149 125 149
143 28 154 28
148 119 159 119
38 210 49 210
66 75 77 75
27 243 38 243
93 5 104 5
0 59 3 61
24 96 35 96
40 222 51 222
123 95 128 96
133 106 144 106
163 179 174 179
99 88 104 89
67 12 78 12
77 206 88 206
184 169 195 169
63 70 68 71
162 180 167 181
59 195 70 195
178 205 180 208
40 100 45 101
115 76 117 79
142 220 153 220
152 214 163 214
76 25 87 25
106 10 109 12
126 206 137 206
142 56 153 56
41 166 44 168
14 127 25 127
53 16 64 16
81 240 92 240
57 55 68 55
121 247 132 247
86 81 97 81
1 226 2 231
11 39 13 42
149 3 152 5
66 176 77 176
162 206 173 206
153 95 158 96
78 46 89 46
186 9 197 9
15 241 20 242
68 42 79 42
171 56 173 59
119 86 124 87
24 146 35 146
73 245 84 245
113 229 124 229
163 167 174 167
20 188 22 191
112 102 123 102
175 229 186 229
49 66 60 66
197 51 199 54
33 122 36 124
140 139 151 139
174 39 185 39
193 204 194 209
83 208 94 208
67 133 72 134
135 216 146 216
146 59 149 61
61 162 72 162
87 128 98 128
20 192 31 192
47 43 58 43
136 148 147 148
33 183 44 183
153 143 164 143
29 223 34 224
146 54 151 55
15 18 17 21
27 220 38 220
77 232 88 232
59 29 70 29
93 147 104 147
110 140 121 140
73 234 84 234
113 196 124 196
143 248 154 248
163 113 168 114
132 160 143 160
163 166 174 166
4 76 9 77
31 16 33 19
63 19 68 20
15 226 16 231
107 196 112 197
126 137 137 137
135 8 146 8
22 30 33 30
90 226 101 226
39 151 41 154
176 109 187 109
42 218 47 219
26 127 37 127
97 18 100 20
3 172 4 177
63 2 74 2
175 210 186 210
108 149 113 150
123 234 128 235
145 118 156 118
184 99 189 100
4 50 15 50
8 100 11 102
33 36 44 36
103 78 114 78
37 16 40 18
111 40 122 40
30 176 41 176
48 202 59 202
113 2 124 2
149 2 160 2
15 35 20 36
145 183 150 184
53 169 64 169
79 127 90 127
13 24 24 24
85 118 96 118
172 48 174 51
23 62 34 62
96 239 107 239
56 26 67 26
153 241 164 241
174 182 185 182
127 132 132 133
185 166 188 168
53 91 58 92
132 216 134 219
139 229 150 229
76 205 87 205
66 194 77 194
192 187 199 187
58 126 63 127
145 102 156 102
63 77 68 78
64 123 69 124
132 221 135 223
104 80 115 80
176 139 181 140
185 51 196 51
175 120 186 120
11 91 14 93
21 142 26 143
65 177 76 177
82 170 93 170
91 127 102 127
98 80 103 81
126 46 137 46
180 123 185 124
181 208 192 208
22 12 33 12
150 60 161 60
30 40 35 41
151 166 162 166
71 163 82 163
114 13 125 13
122 152 133 152
49 181 52 183
145 84 156 84
115 97 120 98
41 13 52 13
94 224 105 224
104 116 115 116
183 36 188 37
184 25 195 25
27 37 38 37
0 29 5 30
38 80 49 80
133 166 144 166
130 6 141 6
24 117 29 118
163 209 168 210
105 168 110 169
128 212 139 212
131 195 142 195
24 226 26 229
70 140 75 141
70 170 75 171
81 96 92 96
188 116 193 117
87 37 98 37
180 170 191 170
3 0 14 0
51 142 62 142
92 9 94 12
106 125 111 126
183 35 194 35
34 248 39 249
64 140 69 141
10 160 21 160
32 150 43 150
82 136 93 136
117 172 128 172
138 199 149 199
116 38 127 38
163 147 174 147
104 165 115 165
9 235 14 236
174 206 177 208
196 222 199 224
28 108 39 108
6 86 11 87
91 198 102 198
124 177 135 177
10 125 13 127
138 75 149 75
4 13 15 13
0 170 11 170
46 140 51 141
100 69 111 69
79 111 90 111
163 95 174 95
184 192 187 194
98 109 109 109
96 236 99 238
61 68 72 68
62 161 73 161
10 137 13 139
105 218 116 218
4 104 15 104
161 18 172 18
0 134 0 145
133 183 144 183
46 73 57 73
66 131 77 131
107 54 109 57
192 248 197 249
15 199 26 199
57 168 68 168
34 128 45 128
77 115 88 115
189 217 192 219
15 86 26 86
120 239 131 239
184 119 195 119
51 243 62 243
119 207 124 208
51 166 56 167
14 103 25 103
162 137 173 137
169 247 180 247
189 37 194 38
131 62 142 62
43 121 48 122
178 59 189 59
124 72 135 72
38 226 41 228
56 138 61 139
141 82 146 83
141 217 146 218
56 56 61 57
40 212 51 212
135 202 140 203
141 111 152 111
32 115 43 115
93 95 98 96
139 230 150 230
5 5 16 5
54 176 65 176
87 243 98 243
99 119 110 119
48 145 50 148
166 212 177 212
157 204 168 204
37 230 42 231
20 238 31 238
94 22 105 22
18 41 29 41
186 60 197 60
54 143 56 146
117 19 122 20
10 222 21 222
56 38 67 38
58 190 69 190
88 102 99 102
20 193 31 193
59 240 70 240
112 123 114 126
129 172 140 172
104 154 115 154
155 35 158 37
182 238 187 239
110 26 115 27
41 16 52 16
164 47 175 47
70 58 73 60
53 2 58 3
171 73 182 73
37 129 42 130
174 98 179 99
12 221 23 221
186 29 191 30
129 153 140 153
171 35 182 35
30 75 41 75
59 196 70 196
98 161 109 161
174 131 185 131
175 213 186 213
186 46 197 46
110 56 113 58
54 137 65 137
73 44 84 44
145 66 156 66
152 23 163 23
46 158 57 158
110 94 121 94
115 179 126 179
164 93 175 93
176 137 187 137
181 162 192 162
181 191 192 191
75 220 80 221
70 61 81 61
143 192 154 192
130 99 135 100
27 44 38 44
29 6 40 6
75 210 86 210
152 93 163 93
2 172 2 183
13 26 24 26
138 135 149 135
186 31 197 31
63 35 74 35
9 142 20 142
44 115 55 115
170 117 181 117
173 20 178 21
61 63 72 63
185 57 190 58
15 78 26 78
125 192 130 193
76 102 87 102
2 241 4 244
53 248 64 248
157 150 168 150
20 164 25 165
47 5 58 5
3 217 5 220
74 116 79 117
8 175 19 175
73 84 84 84
81 186 92 186
81 157 92 157
69 222 80 222
97 106 102 107
87 181 98 181
95 17 106 17
25 133 28 135
135 181 146 181
14 57 25 57
20 149 31 149
165 111 176 111
168 9 173 10
176 236 187 236
183 102 194 102
69 200 80 200
108 239 119 239
182 29 185 31
118 58 129 58
147 85 158 85
160 72 171 72
58 106 63 107
26 159 37 159
137 2 148 2
171 14 182 14
51 143 53 146
73 62 84 62
118 187 129 187
131 244 142 244
4 74 15 74
106 123 111 124
45 203 56 203
141 235 152 235
0 31 11 31
145 92 156 92
169 204 180 204
51 235 62 235
62 40 73 40
142 224 153 224
148 72 159 72
93 231 104 231
163 0 174 0
77 236 78 241
122 29 133 29
157 230 168 230
191 22 199 22
8 38 19 38
111 155 116 156
127 37 138 37
163 107 174 107
173 26 176 28
53 181 56 183
46 117 57 117
32 192 37 193
47 199 58 199
84 221 89 222
66 191 77 191
142 81 153 81
1 65 12 65
65 49 76 49
87 119 98 119
149 49 160 49
160 148 171 148
166 195 177 195
102 242 113 242
47 110 49 113
152 67 163 67
13 54 18 55
1 73 12 73
65 169 76 169
71 105 74 107
70 159 81 159
54 21 59 22
10 158 21 158
95 182 98 184
41 58 52 58
57 186 68 186
120 223 131 223
179 17 184 18
4 146 5 151
13 84 18 85
96 221 101 222
127 125 138 125
123 88 134 88
164 105 175 105
17 200 22 201
83 207 94 207
124 78 129 79
75 105 78 107
40 116 45 117
98 94 109 94
69 77 74 78
99 37 110 37
23 16 28 17
111 246 122 246
67 113 72 114
174 237 185 237
50 62 55 63
159 76 164 77
174 199 185 199
111 157 122 157
32 112 37 113
195 76 199 77
75 19 80 20
172 119 183 119
97 113 102 114
61 66 72 66
69 95 74 96
129 20 140 20
159 219 170 219
86 23 91 24
117 155 122 156
14 42 25 42
75 89 86 89
169 145 174 146
175 113 186 113
45 166 50 167
130 194 141 194
91 98 102 98
80 139 85 140
100 227 111 227
117 134 128 134
145 242 150 243
146 161 157 161
187 66 198 66
5 136 7 139
141 20 152 20
168 15 179 15
183 174 194 174
23 119 34 119
103 151 114 151
8 90 10 93
119 44 124 45
128 116 139 116
194 48 197 50
4 132 15 132
78 228 89 228
38 161 49 161
55 230 66 230
57 153 68 153
69 21 80 21
105 134 116 134
12 202 23 202
91 209 102 209
129 235 140 235
165 245 170 246
13 162 24 162
122 103 133 103
152 105 163 105
175 74 186 74
158 68 169 68
8 172 11 174
4 105 15 105
114 226 125 226
4 51 15 51
56 45 67 45
139 130 150 130
13 107 24 107
82 192 93 192
8 32 13 33
36 216 47 216
96 90 107 90
51 88 56 89
5 208 16 208
96 149 107 149
149 190 160 190
124 170 129 171
22 104 27 105
22 77 33 77
150 141 161 141
38 126 49 126
38 127 49 127
43 74 54 74
73 166 84 166
192 165 194 168
114 46 125 46
32 239 43 239
70 101 81 101
159 40 170 40
182 89 193 89
119 159 130 159
169 126 180 126
78 201 83 202
157 132 162 133
53 87 64 87
189 234 194 235
0 247 3 249
171 246 182 246
160 223 165 224
72 18 83 18
185 233 196 233
0 131 3 133
121 118 132 118
9 151 11 154
59 93 70 93
155 1 166 1
155 189 166 189
157 243 168 243
31 20 34 22
49 77 60 77
129 241 140 241
166 175 171 176
97 84 102 85
6 188 17 188
134 140 145 140
118 56 123 57
5 169 16 169
131 207 142 207
107 248 112 249
185 88 196 88
29 91 40 91
35 28 40 29
7 62 18 62
94 61 105 61
177 76 188 76
170 138 181 138
118 212 123 213
143 44 148 45
127 61 138 61
171 245 182 245
14 1 16 4
168 142 179 142
195 167 199 168
67 84 72 85
46 109 57 109
85 66 96 66
159 35 162 37
162 39 173 39
46 30 57 30
99 163 110 163
171 63 182 63
3 156 14 156
20 175 31 175
97 132 102 133
99 128 110 128
166 169 167 174
175 96 186 96
26 161 37 161
28 79 39 79
49 54 60 54
26 94 37 94
112 72 123 72
114 150 125 150
124 148 135 148
19 22 30 22
59 35 62 37
157 13 168 13
194 91 199 92
0 32 3 34
111 234 116 235
30 39 41 39
69 231 80 231
179 87 184 88
181 3 192 3
16 248 21 249
28 214 33 215
29 70 34 71
89 169 100 169
157 53 168 53
50 161 61 161
12 100 23 100
29 211 40 211
185 115 196 115
146 103 157 103
193 199 196 201
9 112 14 113
53 31 64 31
174 75 185 75
36 2 39 4
83 233 94 233
128 54 139 54
158 140 169 140
101 244 112 244
126 141 137 141
179 22 190 22
10 10 21 10
91 151 102 151
147 145 150 147
190 23 195 24
28 111 29 116
149 215 160 215
117 217 120 219
11 226 12 231
38 246 49 246
144 67 147 69
153 200 164 200
8 116 13 117
28 132 39 132
157 209 162 210
11 120 12 124
120 111 131 111
141 202 152 202
195 164 198 166
46 128 57 128
63 95 68 96
62 191 65 193
146 212 157 212
52 79 63 79
101 28 106 29
62 56 67 57
79 246 84 247
58 173 61 175
22 128 33 128
108 144 119 144
181 41 192 41
76 79 87 79
89 248 100 248
152 68 157 69
138 134 149 134
160 119 171 119
4 222 9 223
170 116 181 116
143 178 154 178
34 99 45 99
43 118 54 118
0 193 11 193
43 130 54 130
69 19 74 20
105 35 110 36
41 82 52 82
181 206 192 206
81 172 84 174
163 61 174 61
185 215 196 215
68 165 79 165
149 21 160 21
166 216 177 216
7 41 10 43
139 74 150 74
148 227 153 228
192 172 197 173
50 80 61 80
26 111 27 116
59 17 70 17
177 235 188 235
86 249 97 249
37 166 40 168
164 55 175 55
133 247 144 247
42 75 53 75
40 236 51 236
75 60 86 60
8 246 19 246
142 226 153 226
28 185 39 185
69 186 80 186
26 9 29 11
98 103 109 103
164 221 175 221
179 147 190 147
134 76 139 77
99 156 110 156
151 145 156 146
5 226 10 227
143 1 154 1
138 131 149 131
162 11 173 11
66 172 77 172
139 99 144 100
35 206 40 207
7 28 18 28
10 97 21 97
152 221 163 221
36 218 41 219
17 211 28 211
53 58 58 59
53 196 58 197
160 22 171 22
85 172 96 172
121 66 132 66
55 132 58 134
133 84 144 84
83 59 94 59
170 67 172 70
192 0 195 2
29 57 31 60
64 170 69 171
158 9 161 11
24 155 35 155
95 64 106 64
121 106 126 107
112 190 123 190
138 206 149 206
184 54 195 54
183 144 188 145
125 82 136 82
189 154 199 154
34 16 36 19
137 232 142 233
32 164 43 164
123 63 134 63
143 163 154 163
76 155 87 155
178 194 183 195
159 112 170 112
114 146 125 146
172 176 183 176
54 39 65 39
192 170 199 170
38 192 43 193
19 120 30 120
179 86 190 86
154 89 157 91
186 90 197 90
79 236 80 241
148 231 159 231
7 83 12 84
139 242 144 243
181 121 192 121
12 86 14 89
11 90 22 90
133 184 144 184
138 109 149 109
165 3 168 5
66 6 77 6
99 182 110 182
149 16 151 19
156 249 167 249
140 10 145 11
187 243 192 244
42 174 47 175
8 61 19 61
71 92 82 92
3 200 6 202
164 26 169 27
41 91 52 91
91 78 102 78
24 154 35 154
41 233 46 234
0 90 1 95
151 179 162 179
23 178 34 178
133 4 138 5
3 180 5 183
125 83 136 83
146 152 157 152
37 124 48 124
67 198 78 198
181 4 192 4
162 90 173 90
127 183 132 184
35 118 40 119
51 44 62 44
65 10 70 11
105 167 116 167
134 70 145 70
27 35 32 36
135 219 146 219
153 153 164 153
70 189 75 190
0 158 0 169
180 12 191 12
115 182 126 182
169 4 180 4
41 177 52 177
127 59 138 59
40 107 43 109
84 135 95 135
163 74 174 74
112 212 117 213
169 191 180 191
1 197 6 198
130 170 135 171
13 71 18 72
13 73 24 73
108 160 119 160
0 189 11 189
92 140 97 141
114 6 125 6
146 94 157 94
176 0 187 0
77 244 88 244
20 32 25 33
100 190 111 190
100 214 105 215
31 74 42 74
151 209 156 210
2 164 7 165
4 11 15 11
26 33 37 33
87 60 98 60
184 161 195 161
102 68 113 68
175 43 186 43
30 172 35 173
70 187 81 187
38 105 43 106
103 209 108 210
155 155 166 155
16 181 18 184
13 123 18 124
133 179 138 180
24 174 35 174
80 38 91 38
134 56 137 58
102 137 113 137
101 248 106 249
109 18 112 20
177 36 182 37
55 152 66 152
129 19 140 19
108 145 113 146
60 144 63 146
87 182 90 184
111 240 116 241
181 204 192 204
186 134 197 134
15 203 26 203
121 225 132 225
40 185 51 185
168 249 179 249
173 110 184 110
125 31 136 31
0 194 11 194
92 70 103 70
177 165 188 165
78 172 80 175
185 148 188 150
140 154 151 154
178 6 189 6
45 181 48 183
78 13 89 13
2 101 7 102
121 84 132 84
178 157 183 158
131 232 136 233
143 35 148 36
51 78 62 78
92 23 97 24
100 25 111 25
45 200 50 201
182 222 193 222
81 200 92 200
90 97 101 97
46 226 49 228
68 138 73 139
103 124 105 127
181 200 192 200
95 124 98 126
78 176 89 176
83 195 94 195
127 36 138 36
100 188 105 189
4 52 15 52
50 138 55 139
107 86 118 86
13 167 18 168
19 133 24 134
101 229 112 229
117 216 128 216
149 35 154 36
15 37 26 37
190 48 193 50
0 119 0 130
67 118 72 119
86 211 97 211
69 203 74 204
114 201 125 201
85 129 90 130
3 226 4 231
147 112 158 112
70 158 81 158
74 80 79 81
20 3 31 3
149 115 160 115
18 151 29 151
10 185 15 186
39 195 42 197
157 162 168 162
161 44 172 44
169 13 180 13
177 234 188 234
6 155 17 155
29 64 40 64
81 71 92 71
158 195 161 197
77 169 88 169
106 205 117 205
126 43 137 43
153 246 164 246
185 232 196 232
14 60 25 60
19 181 21 184
29 244 40 244
92 101 103 101
121 183 126 184
121 166 126 167
142 6 153 6
146 10 157 10
177 26 180 28
79 124 90 124
92 139 103 139
178 153 189 153
35 93 46 93
198 3 199 8
115 109 120 110
143 127 154 127
153 5 164 5
52 99 57 100
18 176 29 176
16 79 27 79
91 53 96 54
95 150 106 150
116 33 127 33
94 192 105 192
138 52 149 52
33 55 44 55
115 183 120 184
123 8 134 8
64 104 66 107
45 88 50 89
28 160 39 160
17 6 28 6
110 211 121 211
55 209 66 209
151 174 162 174
163 120 174 120
63 235 74 235
107 207 118 207
44 191 47 193
145 225 156 225
1 64 12 64
158 70 163 71
101 18 104 20
75 148 86 148
122 161 133 161
189 76 194 77
24 183 29 184
24 202 35 202
147 219 158 219
168 185 179 185
153 76 158 77
37 121 42 122
27 8 38 8
94 123 105 123
89 3 92 5
64 102 75 102
79 53 90 53
83 9 85 12
23 206 28 207
82 159 93 159
35 60 38 62
47 163 58 163
181 129 192 129
1 14 12 14
36 151 38 154
62 175 73 175
118 67 129 67
131 1 142 1
196 121 199 123
112 171 123 171
150 237 161 237
166 6 177 6
65 232 76 232
122 94 133 94
13 129 18 130
147 73 158 73
15 91 18 93
105 216 110 217
26 212 37 212
143 195 146 197
118 76 123 77
70 123 81 123
46 9 51 10
77 47 88 47
32 125 37 126
142 169 153 169
170 91 181 91
15 87 26 87
86 80 97 80
62 226 65 228
136 72 147 72
3 97 5 100
49 68 60 68
160 231 171 231
91 124 94 126
56 238 61 239
71 196 76 197
159 234 164 235
158 227 163 228
1 62 6 63
92 216 97 217
146 140 157 140
172 8 183 8
30 179 41 179
102 199 113 199
185 56 196 56
54 154 65 154
62 34 73 34
41 26 52 26
56 164 67 164
74 138 85 138
130 56 133 58
29 31 40 31
179 64 190 64
90 221 95 222
139 113 144 114
55 74 66 74
121 168 132 168
68 156 79 156
46 11 51 12
139 125 150 125
12 101 23 101
85 162 96 162
181 13 192 13
58 99 63 100
81 224 92 224
98 9 109 9
101 16 112 16
143 189 154 189
36 217 47 217
145 166 150 167
97 53 108 53
145 53 156 53
117 200 128 200
156 207 167 207
1 4 2 9
43 209 54 209
106 127 117 127
162 141 167 142
91 91 96 92
88 185 99 185
100 79 111 79
102 10 105 12
102 75 113 75
19 65 30 65
59 197 70 197
40 171 51 171
117 153 128 153
27 229 30 231
176 93 187 93
15 89 26 89
50 0 52 3
0 226 0 237
6 151 8 154
48 249 59 249
144 185 155 185
25 106 27 109
100 228 111 228
128 11 139 11
142 57 153 57
5 53 16 53
18 172 29 172
50 56 55 57
64 205 75 205
114 145 125 145
149 86 160 86
117 234 122 235
23 93 34 93
130 136 141 136
158 211 169 211
171 174 182 174
93 194 104 194
72 150 77 151
51 220 62 220
94 159 105 159
181 149 184 151
158 89 169 89
73 85 84 85
151 107 162 107
93 200 104 200
144 160 155 160
39 78 50 78
133 132 144 132
162 199 173 199
85 173 96 173
1 78 12 78
57 231 68 231
9 217 14 218
115 113 126 113
137 215 148 215
91 179 102 179
150 0 161 0
25 166 36 166
142 91 153 91
48 18 53 19
118 228 129 228
117 173 122 174
50 125 53 127
89 177 100 177
30 151 35 152
157 129 168 129
163 43 174 43
88 25 99 25
79 129 84 130
51 240 54 242
189 148 194 149
155 248 166 248
185 67 187 70
138 142 149 142
95 9 97 12
18 7 29 7
152 47 163 47
161 45 172 45
67 246 72 247
178 192 183 193
101 31 112 31
84 149 95 149
44 23 49 24
135 245 140 246
52 188 63 188
195 62 199 63
30 116 33 118
150 75 161 75
113 232 118 233
58 108 69 108
70 22 81 22
92 38 103 38
172 128 183 128
169 168 180 168
124 204 129 205
88 48 99 48
120 144 131 144
173 115 184 115
176 105 181 106
4 49 15 49
40 47 51 47
1 125 3 128
48 20 59 20
93 19 96 21
166 188 177 188
40 131 51 131
167 248 178 248
162 56 164 59
70 160 81 160
130 227 135 228
112 48 123 48
153 3 164 3
32 188 35 190
158 56 161 58
42 154 53 154
78 226 83 227
30 7 41 7
12 225 23 225
24 111 25 116
28 97 39 97
111 112 122 112
76 190 87 190
90 242 101 242
123 246 134 246
125 21 136 21
48 221 59 221
154 205 165 205
111 182 114 184
51 147 56 148
31 209 42 209
89 87 100 87
6 145 7 150
115 151 126 151
140 214 151 214
187 114 198 114
159 73 170 73
171 157 173 160
96 143 107 143
166 197 177 197
106 73 117 73
122 9 133 9
147 218 158 218
19 226 20 231
81 121 92 121
4 211 15 211
39 44 50 44
12 237 15 239
54 226 57 228
122 238 133 238
145 123 156 123
4 32 7 34
166 183 177 183
39 14 50 14
137 31 142 32
167 144 178 144
69 0 74 1
17 177 28 177
80 154 91 154
169 84 180 84
30 110 31 115
60 219 71 219
99 32 110 32
171 153 176 154
102 6 113 6
18 152 23 153
11 82 22 82
34 77 45 77
164 139 175 139
178 49 189 49
93 67 104 67
59 223 64 224
108 201 113 202
170 152 181 152
66 215 77 215
94 65 105 65
135 155 138 157
77 29 88 29
184 42 195 42
8 149 19 149
9 219 14 220
61 84 66 85
192 141 197 142
108 99 111 101
92 33 103 33
104 139 115 139
158 69 169 69
44 38 55 38
89 232 100 232
138 141 149 141
26 240 37 240
15 217 17 220
29 133 32 135
54 149 65 149
114 7 125 7
87 167 92 168
131 196 142 196
37 9 42 10
180 9 185 10
45 184 56 184
123 173 134 173
15 235 20 236
20 245 25 246
39 203 44 204
168 172 173 173
31 65 42 65
89 31 100 31
146 211 157 211
150 46 161 46
0 221 11 221
161 198 172 198
174 157 177 159
76 122 87 122
14 179 15 184
75 183 80 184
28 101 39 101
169 242 180 242
184 175 195 175
36 174 41 175
147 173 158 173
87 19 92 20
141 245 146 246
183 73 194 73
152 19 163 19
183 40 194 40
197 242 199 244
49 230 54 231
182 71 193 71
183 164 194 164
47 60 49 63
159 85 170 85
191 225 193 228
27 142 38 142
63 132 66 134
8 164 19 164
175 107 186 107
104 105 115 105
1 67 6 68
73 124 78 125
12 146 23 146
163 177 174 177
106 187 117 187
168 49 171 51
12 102 23 102
69 121 80 121
178 220 189 220
58 109 69 109
172 231 183 231
79 230 90 230
1 205 12 205
63 243 74 243
22 159 25 161
50 110 55 111
17 208 28 208
134 34 145 34
128 139 139 139
136 51 147 51
19 23 30 23
49 53 60 53
127 71 138 71
178 50 189 50
107 178 118 178
162 109 173 109
82 22 93 22
19 198 30 198
171 80 182 80
45 19 47 22
132 134 137 135
7 63 18 63
171 112 182 112
15 44 26 44
63 220 74 220
147 164 158 164
192 10 197 11
1 23 12 23
31 216 33 219
78 52 89 52
31 230 36 231
63 128 74 128
75 8 86 8
139 182 150 182
153 111 164 111
110 236 121 236
112 0 123 0
188 0 191 2
24 179 26 182
66 7 77 7
141 172 152 172
113 90 116 92
66 137 77 137
81 19 86 20
99 60 110 60
112 99 117 100
175 150 180 151
4 249 15 249
90 131 101 131
176 54 181 55
154 194 165 194
161 233 172 233
194 67 199 68
12 170 23 170
167 1 178 1
74 103 85 103
121 92 132 92
89 49 100 49
111 95 116 96
15 204 26 204
41 224 52 224
47 178 58 178
5 1 10 2
20 115 23 117
29 169 40 169
147 63 158 63
165 217 176 217
103 180 114 180
93 156 98 157
164 236 175 236
41 244 52 244
87 142 98 142
80 100 91 100
28 171 39 171
62 15 73 15
102 50 113 50
48 21 53 22
125 215 136 215
148 148 159 148
157 247 168 247
175 125 186 125
177 143 188 143
32 114 43 114
52 51 63 51
5 3 10 4
197 225 199 228
136 190 147 190
107 208 118 208
186 7 197 7
89 29 100 29
14 212 25 212
28 98 39 98
28 140 39 140
191 163 199 163
44 237 55 237
2 185 5 187
107 195 118 195
124 190 135 190
178 188 189 188
124 76 129 77
26 246 37 246
71 208 82 208
130 231 141 231
142 33 153 33
9 178 10 183
62 80 73 80
155 64 166 64
90 6 95 7
16 69 27 69
17 224 28 224
150 131 161 131
149 44 154 45
182 138 185 140
100 185 111 185
9 119 10 124
31 23 42 23
60 150 71 150
66 46 77 46
106 224 117 224
27 78 38 78
0 207 1 212
109 162 120 162
100 48 111 48
153 14 164 14
158 103 169 103
175 114 186 114
43 85 54 85
10 79 15 80
23 200 28 201
181 56 184 58
150 206 161 206
158 91 169 91
40 48 51 48
154 136 165 136
47 70 58 70
114 199 125 199
21 241 32 241
151 97 156 98
26 83 37 83
40 146 43 148
74 32 79 33
18 217 20 220
62 67 73 67
95 197 106 197
5 244 16 244
45 186 56 186
127 104 138 104
176 47 187 47
114 56 117 58
103 76 108 77
127 130 138 130
137 158 148 158
159 164 170 164
77 10 82 11
73 63 84 63
188 135 199 135
48 179 59 179
8 145 19 145
66 193 77 193
69 236 72 238
78 149 83 150
97 166 108 166
177 219 188 219
3 178 8 179
0 222 3 224
31 195 34 197
52 104 63 104
49 225 60 225
68 38 79 38
14 116 19 117
80 116 91 116
128 10 139 10
98 54 100 57
54 6 59 7
119 232 130 232
170 226 173 228
15 45 20 46
159 101 164 102
170 62 181 62
77 4 88 4
19 129 24 130
97 234 108 234
24 170 35 170
59 199 70 199
150 12 155 13
103 113 108 114
46 116 57 116
123 181 134 181
52 69 63 69
0 195 0 206
42 45 53 45
69 147 74 148
138 13 149 13
113 82 118 83
133 123 144 123
32 105 37 106
40 79 51 79
133 162 144 162
47 195 58 195
181 209 192 209
193 26 196 28
82 144 87 145
106 214 111 215
113 172 116 174
13 226 14 231
53 82 58 83
76 170 81 171
99 183 104 184
59 4 64 5
39 8 50 8
116 9 121 10
117 167 120 169
182 108 193 108
189 203 199 203
97 118 108 118
181 243 186 244
188 239 199 239
190 81 199 81
145 204 156 204
52 47 57 48
181 242 192 242
78 214 89 214
1 82 4 84
52 140 57 141
67 209 78 209
125 196 130 197
194 18 199 19
172 161 183 161
36 188 39 190
6 111 8 114
34 9 36 12
37 123 48 123
2 103 13 103
123 32 134 32
88 218 91 220
181 92 192 92
66 180 77 180
23 18 28 19
78 199 89 199
87 147 92 148
4 115 7 117
111 32 122 32
187 201 192 202
16 140 27 140
18 147 23 148
80 108 91 108
187 179 198 179
154 33 165 33
54 125 57 127
24 100 27 102
1 234 12 234
27 14 38 14
128 55 139 55
109 225 120 225
3 35 4 40
52 190 54 193
71 239 76 240
175 179 186 179
22 9 25 11
133 167 144 167
164 106 175 106
127 166 132 167
146 116 151 117
48 34 59 34
150 142 161 142
55 9 58 11
92 108 97 109
11 207 22 207
75 203 80 204
114 176 119 177
95 178 106 178
191 44 196 45
28 248 33 249
61 166 72 166
1 27 6 28
50 40 61 40
120 221 125 222
176 214 187 214
196 138 199 139
85 234 96 234
169 96 174 97
22 97 27 98
174 56 176 59
60 18 71 18
78 180 89 180
192 101 199 101
35 87 46 87
16 74 18 77
88 144 91 146
138 237 149 237
104 42 109 43
8 150 19 150
96 160 107 160
110 108 121 108
188 18 193 19
92 165 103 165
184 223 189 224
190 153 199 153
165 241 176 241
111 109 114 111
175 145 178 147
181 126 192 126
112 227 117 228
158 138 169 138
13 133 18 134
127 179 132 180
72 99 83 99
184 195 195 195
64 144 69 145
184 98 195 98
31 226 33 229
141 88 152 88
161 232 172 232
174 226 177 228
101 54 103 57
101 115 112 115
126 50 137 50
23 190 28 191
75 14 86 14
92 105 103 105
29 122 32 124
144 186 149 187
175 177 186 177
188 236 199 236
86 9 88 12
23 50 34 50
87 210 98 210
0 96 11 96
15 88 26 88
37 162 48 162
58 47 69 47
81 36 92 36
85 150 90 151
107 64 118 64
7 79 9 82
139 155 142 157
128 105 139 105
178 226 181 228
52 52 63 52
126 52 137 52
75 243 86 243
98 108 109 108
149 233 160 233
139 180 150 180
182 103 193 103
28 52 39 52
170 103 181 103
188 137 199 137
42 179 47 180
26 245 37 245
32 237 37 238
162 131 173 131
129 165 140 165
37 84 42 85
46 108 57 108
137 115 148 115
146 222 157 222
178 216 189 216
135 112 146 112
136 185 139 187
98 58 109 58
158 80 169 80
131 28 142 28
145 126 156 126
84 226 89 227
71 233 82 233
7 67 12 68
131 193 142 193
23 72 34 72
131 30 142 30
17 226 18 231
44 56 49 57
123 243 134 243
154 220 165 220
170 238 175 239
39 220 50 220
77 248 88 248
93 134 104 134
104 33 115 33
55 65 66 65
1 10 3 13
107 17 118 17
53 244 64 244
61 130 72 130
115 198 126 198
116 80 121 81
41 29 52 29
117 88 122 89
129 234 140 234
51 200 56 201
40 69 51 69
151 175 162 175
122 23 127 24
26 139 37 139
59 241 64 242
95 207 106 207
124 128 135 128
134 78 145 78
126 75 137 75
38 138 49 138
146 70 157 70
43 70 46 72
134 9 145 9
183 80 194 80
11 35 14 37
183 82 188 83
59 0 62 2
98 140 109 140
113 21 124 21
169 5 180 5
78 75 89 75
24 147 29 148
102 7 113 7
26 32 37 32
27 226 30 228
186 10 191 11
196 40 199 42
2 245 7 246
7 71 12 72
151 195 153 198
179 67 181 70
40 25 51 25
142 79 153 79
30 147 35 148
92 40 97 41
25 122 28 124
50 245 52 248
97 76 102 77
92 100 103 100
184 72 195 72
10 47 21 47
47 72 58 72
16 52 27 52
90 227 95 228
111 35 122 35
114 42 125 42
64 25 75 25
129 14 140 14
181 205 192 205
65 31 76 31
79 125 90 125
5 133 8 135
18 154 23 155
3 86 5 89
38 125 49 125
87 8 98 8
182 62 193 62
121 123 132 123
85 77 90 78
59 70 62 72
13 68 24 68
115 120 126 120
123 59 126 61
169 92 180 92
26 138 37 138
99 235 110 235
174 46 185 46
174 100 179 101
8 245 19 245
187 27 192 28
77 31 88 31
60 221 71 221
91 113 96 114
39 235 50 235
168 178 179 178
147 240 152 241
123 157 134 157
130 175 135 176
28 69 39 69
182 21 193 21
14 94 25 94
85 174 96 174
190 220 199 220
166 194 177 194
76 139 79 141
121 217 124 219
167 86 178 86
85 245 96 245
14 39 17 41
33 182 44 182
46 187 57 187
118 127 129 127
76 188 81 189
83 229 94 229
15 112 20 113
60 41 71 41
13 16 14 21
62 216 73 216
84 160 95 160
126 7 137 7
168 149 179 149
168 181 179 181
84 90 95 90
187 230 198 230
135 147 146 147
83 55 85 58
33 184 44 184
81 236 83 239
9 243 20 243
43 97 54 97
19 62 22 64
80 70 91 70
72 143 83 143
186 78 197 78
85 225 96 225
9 166 12 168
79 98 90 98
159 202 170 202
175 66 186 66
115 209 126 209
143 232 148 233
129 95 134 96
93 14 98 15
88 188 99 188
14 171 25 171
156 15 167 15
1 74 3 77
104 38 115 38
94 205 105 205
4 247 9 248
0 171 0 182
138 7 149 7
156 41 167 41
183 63 194 63
186 110 197 110
23 188 28 189
35 50 46 50
122 54 127 55
140 77 151 77
152 27 163 27
154 171 165 171
1 232 6 233
25 85 36 85
138 12 149 12
105 18 108 20
5 228 10 229
40 247 43 249
161 2 172 2
55 35 58 37
54 50 65 50
143 157 154 157
180 181 191 181
56 156 67 156
86 94 97 94
93 153 104 153
133 53 144 53
139 179 150 179
153 165 164 165
151 61 162 61
89 2 100 2
115 104 126 104
46 136 57 136
86 55 88 58
197 194 198 199
136 171 147 171
12 96 23 96
181 5 192 5
82 61 93 61
185 196 190 197
71 17 82 17
152 16 163 16
23 90 26 92
184 176 195 176
67 104 78 104
95 82 100 83
20 239 31 239
112 69 123 69
118 188 129 188
26 67 37 67
134 152 145 152
141 89 152 89
167 163 178 163
43 84 54 84
164 116 169 117
139 209 150 209
33 133 36 135
158 238 163 239
62 81 73 81
75 142 86 142
119 62 130 62
123 35 126 37
45 157 56 157
127 120 138 120
5 54 8 56
118 204 123 205
89 206 100 206
141 14 152 14
41 31 52 31
81 181 86 182
145 247 156 247
107 82 112 83
188 221 199 221
125 207 130 208
154 226 157 228
59 3 70 3
90 50 101 50
130 220 141 220
133 133 144 133
166 79 177 79
3 1 4 6
6 97 9 99
153 202 158 203
185 52 190 53
61 181 64 183
138 145 143 146
193 157 195 160
0 146 0 157
177 77 188 77
72 181 74 184
115 74 126 74
116 47 127 47
145 176 156 176
52 212 63 212
81 175 92 175
147 143 152 144
130 186 135 187
70 65 81 65
163 132 174 132
77 197 88 197
111 63 122 63
114 50 125 50
70 164 81 164
146 78 157 78
178 79 189 79
21 16 22 21
56 32 61 33
73 113 84 113
158 152 169 152
180 32 191 32
3 44 14 44
67 74 78 74
94 191 105 191
117 231 128 231
123 89 134 89
43 134 54 134
112 51 123 51
140 93 151 93
3 199 14 199
66 226 77 226
183 245 188 246
68 97 71 99
41 211 52 211
130 224 141 224
176 38 187 38
87 14 92 15
79 54 90 54
73 246 78 247
148 8 159 8
65 206 76 206
127 114 138 114
36 25 39 27
181 207 192 207
102 221 113 221
50 76 61 76
11 43 22 43
33 201 44 201
105 89 116 89
1 22 12 22
39 92 50 92
128 47 139 47
16 237 19 239
39 95 50 95
127 35 138 35
14 58 19 59
19 74 21 77
52 122 63 122
85 113 90 114
81 153 92 153
143 59 145 62
139 98 150 98
176 221 187 221
106 212 111 213
85 132 96 132
83 91 86 93
4 224 15 224
44 145 45 150
101 45 112 45
80 117 91 117
111 36 122 36
23 163 34 163
71 3 82 3
37 54 48 54
44 239 55 239
150 39 161 39
109 76 114 77
94 204 105 204
16 247 27 247
71 64 82 64
