3911
143 38 145 41
85 173 90 174
104 238 107 240
112 175 117 176
4 91 6 94
152 131 157 132
150 17 153 19
82 16 87 17
26 194 29 196
95 134 98 136
34 103 39 104
70 165 72 168
83 233 88 234
81 161 83 164
41 150 46 151
88 62 93 63
135 60 136 65
15 234 17 237
20 82 21 87
184 89 189 90
163 146 164 151
2 175 4 178
33 212 38 213
0 173 1 178
116 183 119 185
30 159 32 162
60 59 65 60
7 8 10 10
139 116 144 117
81 136 84 138
71 109 73 112
126 48 131 49
164 55 169 56
24 170 27 172
101 150 106 151
151 77 154 79
78 218 83 219
128 226 133 227
145 79 147 82
7 152 12 153
103 152 106 154
102 98 104 101
27 212 32 213
0 223 5 224
174 136 176 139
75 245 78 247
130 11 133 13
73 210 75 213
121 29 126 30
73 165 78 166
101 136 103 139
77 173 80 175
112 14 115 16
89 192 94 193
87 91 88 96
18 224 23 225
164 69 167 71
94 34 99 35
156 196 158 199
98 106 101 108
167 38 172 39
153 225 156 227
163 232 166 234
75 131 80 132
110 5 113 7
78 101 83 102
181 106 184 108
113 49 115 52
26 55 29 57
118 46 123 47
8 182 13 183
138 219 141 221
23 4 28 5
62 121 63 125
61 162 62 167
111 179 116 180
64 55 69 56
132 52 137 53
120 48 125 49
96 208 99 210
6 121 7 126
59 248 62 250
0 66 5 67
184 98 187 100
9 207 14 208
19 44 22 46
52 152 57 153
14 215 19 216
47 36 52 37
59 165 60 169
109 11 112 13
114 68 119 69
61 8 66 9
31 71 33 74
163 144 168 145
151 152 154 154
73 205 78 206
134 128 139 129
132 114 137 115
59 117 60 122
50 241 53 243
5 78 10 79
177 245 178 250
181 144 186 145
85 105 90 106
50 20 55 21
139 97 144 98
128 148 130 151
165 132 170 133
31 75 33 78
26 48 31 49
3 210 5 213
6 13 11 14
41 179 44 181
0 36 1 41
166 134 171 135
48 223 51 225
191 235 196 236
137 60 142 61
139 192 144 193
133 6 138 7
157 224 160 226
79 73 84 74
175 67 180 68
34 71 37 73
18 211 23 212
81 103 86 104
48 112 53 113
52 119 55 121
119 155 121 158
35 0 40 1
22 59 24 62
124 75 129 76
128 238 133 239
164 61 169 62
142 94 147 95
88 80 93 81
149 118 154 119
77 80 82 81
23 157 26 159
142 124 147 125
158 161 163 162
162 206 167 207
66 194 68 197
22 65 25 67
53 4 58 5
180 12 183 14
172 216 175 218
55 63 58 65
148 170 153 171
27 214 30 216
177 115 182 116
90 198 93 200
109 248 114 249
37 33 40 35
15 100 20 101
186 205 191 206
172 46 175 48
148 124 153 125
124 204 129 205
97 13 102 14
194 136 199 137
125 236 127 239
107 110 112 111
156 218 157 223
34 216 39 217
15 213 20 214
41 68 46 69
164 119 169 120
56 184 61 185
163 67 168 68
66 0 71 1
61 42 66 43
151 8 156 9
32 27 37 28
105 243 108 245
96 2 101 3
120 33 123 35
89 49 92 51
185 160 190 161
4 95 9 96
106 5 109 7
181 182 186 183
36 228 39 230
68 78 71 80
101 43 106 44
86 52 88 55
159 192 162 194
47 134 52 135
108 55 113 56
25 236 30 237
92 167 95 169
141 248 146 249
160 65 165 66
8 167 11 169
67 156 72 157
145 216 148 218
136 197 139 199
179 49 181 52
43 138 48 139
83 165 88 166
140 238 145 239
163 242 166 244
89 196 94 197
106 225 109 227
190 80 193 82
67 42 72 43
191 121 194 123
10 5 13 7
29 108 34 109
127 116 132 117
129 68 134 69
183 184 188 185
122 177 127 178
63 69 68 70
191 190 196 191
101 85 106 86
51 178 54 180
170 119 175 120
140 74 145 75
10 248 15 249
153 244 156 246
128 90 133 91
57 10 62 11
139 17 142 19
102 20 107 21
164 42 169 43
157 98 162 99
156 57 161 58
168 199 173 200
143 242 146 244
135 68 140 69
127 80 132 81
193 241 196 243
66 25 71 26
192 10 197 11
107 66 112 67
134 154 139 155
41 144 42 149
191 8 196 9
103 66 106 68
90 116 95 117
192 0 194 3
38 2 41 4
62 204 67 205
130 146 135 147
38 38 43 39
27 17 32 18
45 70 50 71
193 126 195 129
103 47 105 50
158 61 163 62
48 2 53 3
18 143 23 144
24 167 27 169
35 204 40 205
105 175 110 176
18 188 20 191
41 240 46 241
117 173 122 174
174 78 176 81
28 179 33 180
5 34 10 35
164 165 167 167
123 108 128 109
26 65 29 67
173 232 178 233
164 124 167 126
60 108 63 110
34 24 39 25
69 35 74 36
148 140 150 143
4 74 9 75
69 118 71 121
72 225 73 230
196 162 200 163
67 118 68 123
184 46 189 47
171 4 174 6
85 0 90 1
168 0 173 1
174 179 177 181
28 143 31 145
79 106 84 107
104 57 106 60
12 149 15 151
175 6 180 7
67 176 69 179
77 61 82 62
14 50 16 53
74 27 76 30
0 127 5 128
161 40 166 41
190 69 193 71
162 19 165 21
35 120 38 122
57 93 62 94
98 95 101 97
195 116 200 117
115 153 120 154
121 208 124 210
73 214 78 215
38 170 43 171
54 25 59 26
116 40 118 43
65 116 70 117
17 57 18 62
94 216 99 217
154 155 156 158
89 232 92 234
32 206 37 207
135 36 140 37
72 48 75 50
175 21 180 22
118 181 123 182
116 138 121 139
16 14 18 17
160 185 161 190
91 173 96 174
33 40 36 42
148 70 153 71
129 82 132 84
15 8 16 13
113 17 116 19
104 236 109 237
121 153 126 154
77 207 82 208
49 214 54 215
98 58 100 61
2 182 7 183
162 122 167 123
22 165 27 166
121 116 126 117
96 124 101 125
181 229 186 230
29 149 32 151
136 15 138 18
72 89 75 91
152 214 157 215
56 38 61 39
21 6 24 8
3 214 8 215
129 208 131 211
193 75 198 76
180 15 181 20
122 138 127 139
49 64 54 65
91 120 96 121
195 72 198 74
122 96 127 97
173 211 175 214
185 213 190 214
40 78 45 79
161 53 163 56
61 66 64 68
62 138 67 139
49 99 54 100
24 120 25 125
11 32 13 35
93 113 96 115
71 189 72 194
65 246 70 247
122 14 127 15
46 219 48 222
0 219 5 220
157 40 158 45
167 204 172 205
181 6 183 9
12 225 17 226
46 144 51 145
186 188 188 191
160 174 163 176
52 222 57 223
147 35 152 36
186 34 191 35
44 53 47 55
127 140 132 141
65 152 70 153
19 59 21 62
97 72 99 75
23 29 28 30
28 230 31 232
79 235 84 236
57 33 60 35
108 53 113 54
83 139 86 141
137 150 142 151
102 95 105 97
74 216 79 217
183 135 186 137
66 76 71 77
106 47 111 48
144 87 147 89
20 73 22 76
60 14 65 15
59 104 64 105
120 108 122 111
24 231 27 233
122 194 127 195
37 88 39 91
116 96 121 97
31 167 36 168
190 162 195 163
166 177 171 178
129 172 132 174
12 202 17 203
191 179 196 180
162 238 167 239
97 49 100 51
79 214 84 215
146 245 149 247
166 2 169 4
81 247 84 249
0 185 5 186
172 186 177 187
43 132 46 134
54 244 59 245
150 176 153 178
76 192 78 195
142 200 147 201
176 87 181 88
136 33 139 35
165 202 170 203
122 171 127 172
112 181 117 182
131 148 133 151
92 18 95 20
175 144 180 145
142 240 147 241
117 80 119 83
162 188 164 191
184 82 189 83
99 189 102 191
77 27 80 29
12 135 14 138
118 196 120 199
40 92 45 93
66 2 71 3
76 71 81 72
9 129 11 132
41 98 44 100
19 184 22 186
191 36 196 37
47 164 50 166
67 6 70 8
149 41 154 42
154 177 159 178
53 150 58 151
38 26 41 28
174 49 177 51
110 184 115 185
76 48 81 49
61 119 66 120
96 11 101 12
140 154 145 155
59 160 64 161
5 109 10 110
143 17 146 19
74 33 79 34
89 134 94 135
187 233 192 234
125 122 130 123
150 57 155 58
85 120 90 121
68 27 69 32
167 138 170 140
149 13 154 14
11 109 16 110
128 236 133 237
164 152 169 153
186 248 191 249
176 2 181 3
158 120 163 121
127 38 132 39
197 180 199 183
132 97 135 99
90 30 95 31
136 208 137 213
148 129 153 130
166 142 171 143
78 0 81 2
155 96 160 97
72 2 77 3
2 199 5 201
107 220 112 221
187 77 190 79
16 180 21 181
130 155 133 157
163 240 168 241
117 179 122 180
60 2 65 3
169 87 174 88
93 154 96 156
26 86 31 87
77 148 82 149
102 194 105 196
3 45 8 46
48 22 51 24
33 240 38 241
94 95 97 97
18 122 20 125
58 222 63 223
99 98 101 101
164 208 166 211
130 74 133 76
62 144 65 146
56 61 61 62
160 87 162 90
25 240 28 242
137 118 142 119
95 239 100 240
81 222 83 225
113 84 118 85
55 144 57 147
112 20 115 22
34 154 39 155
12 23 17 24
16 90 19 92
108 106 113 107
196 103 199 105
63 111 66 113
71 46 76 47
20 229 25 230
178 110 180 113
43 196 46 198
8 240 13 241
169 67 174 68
55 56 60 57
31 0 34 2
45 10 50 11
115 88 117 91
7 115 12 116
32 228 35 230
198 244 199 249
83 133 88 134
133 38 138 39
52 22 55 24
123 230 128 231
69 186 72 188
182 125 187 126
44 45 47 47
113 44 118 45
84 157 89 158
92 64 95 66
110 144 115 145
136 232 138 235
121 192 126 193
69 113 72 115
14 94 15 99
62 224 67 225
65 87 67 90
57 101 60 103
45 188 47 191
24 126 27 128
77 4 82 5
41 162 44 164
15 141 20 142
62 129 65 131
0 162 3 164
99 66 102 68
19 6 20 11
41 80 44 82
25 88 30 89
183 29 186 31
14 220 19 221
73 124 75 127
153 242 158 243
170 55 175 56
34 164 37 166
178 180 183 181
18 234 21 236
89 113 92 115
79 191 81 194
37 98 40 100
8 51 13 52
12 45 15 47
99 20 101 23
138 94 141 96
145 92 150 93
188 48 191 50
108 68 113 69
145 96 148 98
157 67 162 68
53 12 58 13
29 43 32 45
98 218 103 219
68 81 70 84
19 205 24 206
26 94 29 96
60 190 65 191
94 151 97 153
35 176 40 177
152 51 157 52
69 235 72 237
59 218 62 220
42 2 47 3
136 136 141 137
181 98 183 101
74 142 76 145
15 161 20 162
28 120 30 123
45 180 50 181
147 8 150 10
122 151 127 152
77 63 82 64
25 116 30 117
90 128 95 129
126 113 129 115
0 68 1 73
47 196 50 198
52 128 57 129
195 65 197 68
55 172 60 173
169 44 174 45
94 0 95 5
168 163 170 166
88 77 91 79
17 32 22 33
3 190 8 191
135 168 140 169
79 205 84 206
95 52 97 55
167 107 170 109
100 102 105 103
10 195 15 196
194 88 197 90
165 8 168 10
171 138 173 141
154 232 156 235
112 228 117 229
31 99 36 100
172 236 177 237
105 40 108 42
164 26 169 27
187 136 192 137
95 85 100 86
183 146 188 147
122 52 125 54
197 241 200 243
193 169 198 170
8 202 11 204
41 40 46 41
26 131 31 132
114 190 119 191
104 171 109 172
61 147 64 149
103 80 106 82
59 36 64 37
140 90 145 91
162 110 165 112
79 232 82 234
85 205 90 206
93 118 98 119
171 196 174 198
185 8 190 9
155 59 160 60
176 42 181 43
80 237 85 238
197 196 200 197
49 80 54 81
159 195 161 198
66 243 69 245
51 32 56 33
65 140 67 143
185 54 190 55
36 221 39 223
63 220 68 221
61 177 66 178
168 121 170 124
145 6 150 7
158 125 163 126
34 126 39 127
122 100 127 101
66 130 71 131
82 70 85 72
128 26 133 27
145 15 150 16
91 230 96 231
106 124 111 125
40 154 43 156
84 224 89 225
38 226 43 227
29 187 32 189
93 93 98 94
59 74 64 75
91 145 96 146
110 2 113 4
129 62 130 67
189 24 194 25
0 232 2 235
21 111 26 112
82 110 85 112
162 113 167 114
56 210 61 211
178 156 183 157
149 161 151 164
170 61 175 62
29 174 34 175
169 146 172 148
94 24 97 26
42 194 47 195
27 140 30 142
137 230 142 231
191 192 192 197
184 59 189 60
58 95 63 96
45 16 48 18
48 126 53 127
18 168 23 169
98 149 100 152
159 241 160 246
142 228 147 229
128 95 133 96
174 0 179 1
120 183 123 185
175 196 178 198
170 19 173 21
78 176 83 177
110 146 115 147
64 136 69 137
105 155 108 157
74 96 79 97
160 165 163 167
87 138 92 139
65 66 70 67
173 40 178 41
150 48 153 50
185 32 190 33
159 202 164 203
158 51 163 52
142 130 147 131
128 88 133 89
21 122 23 125
88 107 91 109
172 167 175 169
142 79 144 82
86 37 91 38
116 49 119 51
86 122 91 123
119 84 124 85
51 230 54 232
64 57 69 58
189 104 191 107
103 51 106 53
41 104 46 105
195 21 197 24
35 173 38 175
102 178 107 179
65 91 68 93
158 212 160 215
37 149 40 151
174 112 177 114
166 79 171 80
180 10 185 11
161 224 166 225
179 203 182 205
186 152 191 153
100 211 105 212
41 175 43 178
115 56 116 61
191 132 193 135
50 209 53 211
31 138 34 140
90 175 95 176
182 213 184 216
155 77 160 78
174 154 179 155
84 200 89 201
188 246 193 247
126 11 129 13
118 52 121 54
113 40 115 43
80 108 81 113
119 131 124 132
98 76 103 77
6 225 8 228
26 197 31 198
145 144 150 145
95 21 98 23
88 124 89 129
112 241 117 242
194 79 197 81
38 206 43 207
60 21 62 24
197 208 198 213
69 248 74 249
101 49 102 54
22 47 25 49
22 82 23 87
145 59 148 61
75 176 77 179
26 207 31 208
126 216 131 217
16 147 18 150
144 122 149 123
139 217 144 218
100 199 103 201
0 89 5 90
151 22 154 24
31 68 34 70
56 216 61 217
87 192 88 197
81 56 83 59
118 241 123 242
103 230 108 231
66 44 71 45
123 8 126 10
28 171 31 173
134 138 139 139
96 87 101 88
0 133 3 135
16 38 21 39
187 121 190 123
107 150 112 151
60 111 62 114
94 177 97 179
18 174 23 175
21 213 26 214
63 162 66 164
92 201 97 202
130 16 132 19
128 222 133 223
177 136 182 137
55 106 60 107
44 51 49 52
49 219 52 221
10 218 15 219
86 59 87 64
75 68 80 69
160 147 162 150
164 130 169 131
177 192 182 193
162 163 167 164
98 162 100 165
3 142 8 143
167 117 172 118
166 102 169 104
105 26 110 27
15 204 18 206
4 240 7 242
42 130 47 131
72 159 77 160
136 46 141 47
35 6 40 7
35 58 37 61
139 126 144 127
84 178 89 179
58 87 63 88
142 219 145 221
163 245 168 246
148 186 153 187
34 74 36 77
130 136 135 137
32 219 37 220
191 31 194 33
74 198 79 199
193 15 196 17
175 94 180 95
100 223 105 224
171 219 174 221
68 142 73 143
35 189 38 191
150 244 152 247
68 138 70 141
71 152 76 153
194 211 196 214
154 93 157 95
139 152 144 153
51 66 53 69
60 241 63 243
99 142 104 143
35 45 37 48
164 170 169 171
148 166 153 167
73 149 76 151
4 15 7 17
4 187 9 188
116 236 121 237
134 24 139 25
188 217 190 220
93 190 98 191
110 171 115 172
176 217 181 218
137 10 140 12
154 142 159 143
145 172 147 175
40 83 45 84
15 117 18 119
125 208 128 210
138 106 143 107
16 44 18 47
44 174 49 175
23 44 28 45
167 72 172 73
178 89 183 90
0 53 3 55
158 170 163 171
77 22 80 24
15 21 20 22
165 188 168 190
94 109 96 112
137 148 142 149
77 39 80 41
134 26 139 27
159 249 164 250
92 182 95 184
46 152 51 153
193 4 198 5
112 234 117 235
25 154 30 155
169 14 172 16
82 168 87 169
149 190 152 192
82 239 87 240
81 39 84 41
44 223 47 225
18 126 23 127
58 144 61 146
72 92 77 93
183 115 188 116
81 173 84 175
150 230 155 231
64 239 66 242
144 113 149 114
125 158 127 161
185 112 188 114
118 0 121 2
39 172 42 174
36 64 41 65
110 226 115 227
72 44 77 45
144 85 149 86
24 113 29 114
53 101 56 103
166 127 171 128
150 126 153 128
49 246 54 247
145 110 148 112
157 159 162 160
134 236 136 239
34 128 39 129
21 21 26 22
35 12 40 13
82 0 84 3
53 40 58 41
128 220 133 221
110 138 115 139
47 202 49 205
40 235 45 236
22 88 24 91
91 105 96 106
61 168 66 169
188 98 191 100
89 165 94 166
54 14 59 15
73 207 76 209
68 184 73 185
196 154 198 157
150 197 155 198
28 167 30 170
73 107 78 108
87 67 92 68
117 108 119 111
64 199 69 200
87 151 89 154
182 217 183 222
194 91 197 93
104 138 109 139
189 113 194 114
185 231 190 232
99 82 102 84
130 240 135 241
10 223 15 224
192 205 193 210
32 182 37 183
53 74 58 75
182 127 185 129
145 151 148 153
46 216 49 218
128 33 131 35
182 49 187 50
99 17 102 19
82 65 87 66
61 55 63 58
65 46 70 47
19 139 24 140
156 183 159 185
2 101 3 106
64 98 69 99
80 182 83 184
12 113 17 114
128 158 131 160
132 48 137 49
89 182 91 185
159 74 162 76
129 179 134 180
155 144 158 146
37 66 42 67
3 123 5 126
41 33 46 34
69 9 72 11
2 68 7 69
162 195 164 198
91 42 96 43
101 40 104 42
48 14 53 15
73 18 76 20
130 70 135 71
31 133 36 134
148 76 150 79
56 16 57 21
56 205 61 206
30 128 33 130
0 123 2 126
141 2 143 5
186 127 189 129
85 235 90 236
97 243 100 245
85 130 90 131
135 80 137 83
196 125 199 127
10 220 13 222
130 212 135 213
29 240 32 242
140 22 141 27
2 58 4 61
66 21 68 24
11 8 14 10
0 56 1 61
139 38 142 40
55 142 60 143
180 117 185 118
51 163 54 165
96 168 101 169
160 177 165 178
58 19 63 20
15 143 17 146
26 38 31 39
39 233 44 234
124 25 127 27
106 234 111 235
151 179 156 180
82 188 87 189
101 236 103 239
145 159 150 160
26 209 29 211
177 96 182 97
34 123 37 125
85 145 87 148
120 106 125 107
123 66 128 67
33 105 36 107
74 154 79 155
84 198 89 199
154 170 157 172
20 152 25 153
101 146 103 149
14 191 17 193
13 19 18 20
51 7 54 9
2 70 4 73
91 44 96 45
137 190 142 191
81 21 83 24
32 38 37 39
171 222 176 223
112 8 115 10
149 72 152 74
89 147 94 148
86 70 89 72
13 2 18 3
15 238 18 240
30 192 35 193
153 216 158 217
41 111 46 112
111 164 114 166
53 176 58 177
20 219 25 220
28 233 31 235
94 206 99 207
38 201 41 203
153 149 156 151
62 38 67 39
122 149 127 150
161 2 162 7
135 181 138 183
0 97 2 100
52 82 55 84
28 124 33 125
19 202 22 204
83 12 88 13
194 173 199 174
25 238 30 239
166 19 169 21
177 242 180 244
135 20 140 21
168 63 173 64
151 25 156 26
142 184 144 187
88 188 93 189
62 83 67 84
91 74 96 75
18 145 23 146
101 38 106 39
10 184 12 187
177 13 179 16
2 150 7 151
155 152 158 154
122 40 127 41
170 226 173 228
99 180 104 181
109 243 112 245
6 135 11 136
91 160 96 161
89 4 91 7
33 20 38 21
134 3 137 5
98 4 103 5
90 110 93 112
157 30 160 32
179 219 181 222
102 156 104 159
45 178 50 179
98 194 101 196
131 28 136 29
39 117 40 122
10 88 15 89
95 89 100 90
44 85 47 87
27 50 32 51
134 160 136 163
14 152 19 153
2 202 5 204
77 114 82 115
97 144 102 145
148 199 151 201
176 167 181 168
77 171 82 172
158 17 161 19
6 236 11 237
40 101 43 103
132 72 137 73
70 144 73 146
16 130 19 132
41 12 46 13
23 147 28 148
4 51 7 53
113 209 116 211
178 150 181 152
119 200 122 202
73 192 75 195
131 168 134 170
77 82 82 83
9 141 14 142
170 102 173 104
137 64 142 65
175 234 180 235
22 197 25 199
27 106 32 107
145 232 150 233
180 188 185 189
80 154 82 157
62 61 67 62
63 186 68 187
83 60 85 63
147 68 152 69
77 150 82 151
136 124 141 125
151 159 156 160
136 66 141 67
195 12 200 13
95 147 100 148
49 248 54 249
130 184 135 185
152 212 157 213
162 63 167 64
135 179 140 180
63 218 68 219
174 82 179 83
12 236 14 239
125 44 130 45
179 75 182 77
0 107 1 112
14 182 19 183
153 103 156 105
122 92 124 95
111 97 113 100
53 168 58 169
8 199 11 201
57 156 59 159
172 36 177 37
137 224 142 225
137 108 142 109
7 91 9 94
143 181 146 183
86 85 91 86
127 164 132 165
139 232 144 233
143 222 146 224
187 66 190 68
168 136 173 137
184 6 189 7
59 0 64 1
175 219 178 221
103 116 108 117
150 0 155 1
19 80 24 81
109 40 112 42
52 228 57 229
169 81 171 84
6 184 9 186
155 55 160 56
185 215 190 216
121 126 126 127
79 50 82 52
156 163 161 164
28 247 30 250
87 190 92 191
194 150 199 151
166 156 171 157
112 87 114 90
184 178 187 180
165 100 170 101
194 175 199 176
12 169 17 170
122 42 127 43
95 91 100 92
116 14 121 15
15 209 20 210
82 212 87 213
56 119 58 122
96 182 99 184
0 160 5 161
108 20 109 25
5 2 8 4
63 237 68 238
25 204 28 206
133 116 138 117
100 197 105 198
138 114 143 115
9 111 14 112
152 90 155 92
20 96 25 97
0 240 3 242
106 232 111 233
6 49 11 50
35 231 38 233
163 192 168 193
21 161 26 162
107 188 112 189
124 175 129 176
140 52 145 53
164 28 167 30
11 101 14 103
38 237 41 239
73 42 78 43
7 139 12 140
115 150 118 152
78 243 83 244
8 67 10 70
10 25 15 26
40 88 42 91
146 0 149 2
32 171 37 172
38 163 40 166
62 181 65 183
85 2 90 3
103 83 108 84
102 246 107 247
41 135 42 140
163 98 168 99
0 62 5 63
91 214 96 215
54 49 57 51
95 132 100 133
138 208 140 211
2 207 5 209
130 108 131 113
70 221 72 224
164 31 169 32
147 27 150 29
152 240 157 241
91 235 96 236
184 155 187 157
138 86 143 87
17 51 22 52
33 35 36 37
94 56 97 58
16 199 19 201
103 120 108 121
12 167 17 168
24 173 27 175
12 126 17 127
174 206 179 207
19 56 22 58
193 56 194 61
35 108 37 111
13 104 16 106
19 18 22 20
56 22 59 24
41 0 46 1
155 100 158 102
83 79 85 82
118 245 123 246
55 138 57 141
43 135 46 137
21 187 24 189
82 108 87 109
5 71 8 73
124 110 125 115
178 186 183 187
134 194 137 196
23 55 25 58
146 214 151 215
40 228 45 229
138 72 143 73
67 110 70 112
30 64 35 65
157 232 159 235
163 81 168 82
104 54 107 56
132 0 133 5
34 235 39 236
10 232 15 233
5 107 10 108
97 172 100 174
25 74 27 77
150 2 152 5
9 225 11 228
105 114 110 115
39 135 40 140
75 121 78 123
61 235 62 240
77 146 82 147
99 156 101 159
65 149 68 151
170 2 175 3
180 63 185 64
21 190 26 191
39 212 44 213
178 36 183 37
112 72 114 75
74 237 79 238
20 231 23 233
187 169 192 170
89 27 92 29
151 98 156 99
30 62 35 63
169 22 174 23
80 94 83 96
8 56 13 57
158 111 161 113
22 226 27 227
76 239 77 244
153 194 158 195
119 72 121 75
41 167 44 169
148 172 153 173
190 6 195 7
111 201 114 203
105 180 110 181
66 71 71 72
66 85 71 86
75 51 78 53
152 208 157 209
15 207 20 208
166 186 171 187
17 163 22 164
127 232 132 233
67 166 69 169
61 6 66 7
171 247 173 250
179 238 184 239
16 77 18 80
167 93 172 94
30 209 33 211
45 80 48 82
62 16 65 18
115 218 120 219
9 143 14 144
176 46 179 48
128 128 133 129
14 82 19 83
146 126 149 128
32 245 37 246
188 154 190 157
0 85 3 87
91 21 94 23
182 245 187 246
170 33 173 35
92 107 97 108
53 36 58 37
104 199 107 201
2 225 5 227
164 52 167 54
174 124 179 125
172 79 173 84
193 227 198 228
61 106 66 107
56 81 61 82
148 131 151 133
146 52 151 53
160 209 163 211
25 71 28 73
198 65 199 69
38 114 41 116
92 185 97 186
37 17 40 19
151 27 156 28
40 128 45 129
152 199 155 201
60 52 63 54
34 78 39 79
111 132 114 134
52 123 57 124
113 108 116 110
94 32 99 33
136 240 141 241
114 34 119 35
186 117 191 118
13 72 18 73
168 113 173 114
177 188 179 191
140 54 143 56
53 116 56 118
21 36 26 37
181 160 184 162
118 147 123 148
91 149 96 150
77 116 82 117
38 218 41 220
45 58 50 59
133 217 138 218
55 8 60 9
162 229 165 231
144 230 149 231
151 100 154 102
119 63 122 65
51 70 56 71
10 74 15 75
170 170 175 171
186 26 189 28
65 104 70 105
46 119 51 120
32 131 37 132
76 212 81 213
173 146 176 148
108 30 111 32
42 188 44 191
161 8 164 10
114 2 117 4
147 242 152 243
48 193 53 194
187 101 190 103
42 186 47 187
168 69 171 71
192 19 197 20
63 156 66 158
132 108 133 113
116 12 121 13
86 89 91 90
32 202 37 203
161 117 166 118
34 210 39 211
0 6 5 7
102 124 105 126
75 118 80 119
37 36 42 37
160 105 165 106
84 87 89 88
191 12 194 14
128 104 133 105
142 50 147 51
122 226 127 227
124 70 129 71
71 6 76 7
197 100 200 102
138 48 143 49
148 183 151 185
73 171 76 173
150 223 155 224
111 114 116 115
61 179 66 180
164 212 166 215
84 161 87 163
0 113 5 114
0 25 3 27
0 64 5 65
72 128 75 130
51 110 56 111
160 81 162 84
54 205 55 210
153 67 156 69
158 186 159 191
151 140 153 143
108 33 113 34
64 95 67 97
110 20 111 25
139 206 144 207
49 167 52 169
76 8 81 9
45 42 48 44
103 32 104 37
31 154 33 157
6 65 11 66
165 194 170 195
183 194 188 195
183 192 188 193
58 16 61 18
4 246 6 249
106 0 111 1
22 180 27 181
134 156 136 159
76 98 81 99
69 158 71 161
21 241 24 243
138 194 143 195
107 85 112 86
111 212 114 214
9 62 14 63
186 63 189 65
22 244 25 246
31 66 36 67
4 135 5 140
71 4 76 5
126 0 128 3
31 214 36 215
12 145 14 148
24 207 25 212
90 34 93 36
112 30 117 31
174 89 177 91
95 157 98 159
67 231 69 234
145 184 147 187
108 198 111 200
69 122 74 123
60 25 65 26
107 190 110 192
26 243 28 246
34 14 37 16
131 230 136 231
147 83 152 84
90 98 92 101
118 90 123 91
65 147 70 148
147 188 152 189
195 0 197 3
56 207 59 209
103 248 108 249
83 6 88 7
42 96 47 97
12 11 14 14
79 245 84 246
182 210 185 212
21 100 26 101
0 12 2 15
181 233 186 234
52 190 57 191
16 96 19 98
126 53 131 54
170 160 173 162
49 4 52 6
112 186 117 187
69 218 72 220
38 178 40 181
59 202 64 203
180 169 182 172
112 101 115 103
109 160 114 161
190 63 193 65
197 34 200 36
122 222 127 223
95 237 100 238
6 118 9 120
25 90 30 91
4 133 9 134
150 112 153 114
37 133 42 134
143 188 146 190
108 246 113 247
164 161 169 162
122 248 127 249
97 44 100 46
181 78 186 79
82 84 85 86
130 124 135 125
0 115 2 118
176 169 179 171
47 12 52 13
166 90 169 92
18 120 23 121
113 220 115 223
84 24 87 26
51 47 56 48
30 221 32 224
169 144 174 145
19 77 22 79
143 42 148 43
31 135 34 137
8 15 11 17
116 226 121 227
102 225 105 227
58 126 60 129
154 70 159 71
136 77 139 79
61 126 66 127
89 226 90 231
39 160 44 161
165 95 168 97
100 15 105 16
104 184 109 185
109 82 112 84
55 76 60 77
127 218 132 219
109 93 111 96
137 162 142 163
90 177 93 179
156 0 161 1
9 2 12 4
189 108 194 109
20 131 25 132
130 166 135 167
191 212 193 215
69 189 70 194
78 30 83 31
157 24 162 25
53 0 58 1
140 104 145 105
95 221 100 222
57 52 59 55
93 138 98 139
71 147 76 148
82 10 87 11
12 41 14 44
16 222 21 223
3 21 8 22
153 2 155 5
182 70 185 72
91 224 92 229
128 177 133 178
179 38 182 40
170 42 175 43
93 232 96 234
101 192 106 193
174 176 177 178
66 144 69 146
118 228 123 229
22 25 27 26
146 138 151 139
17 109 22 110
123 36 128 37
106 9 111 10
188 124 193 125
48 25 53 26
62 192 65 194
26 202 31 203
143 60 144 65
171 149 176 150
72 70 75 72
89 136 94 137
110 236 115 237
3 99 8 100
163 24 168 25
22 41 25 43
45 212 50 213
44 101 49 102
176 119 181 120
84 116 89 117
12 188 13 193
112 91 113 96
84 190 86 193
60 44 65 45
26 228 31 229
166 47 171 48
92 122 97 123
155 37 158 39
73 241 75 244
173 238 178 239
127 8 130 10
143 13 148 14
121 57 126 58
118 204 123 205
41 57 44 59
111 173 116 174
191 216 196 217
184 61 189 62
151 248 156 249
112 199 117 200
74 65 77 67
132 132 137 133
195 123 200 124
162 185 165 187
125 55 130 56
186 20 191 21
22 38 25 40
151 236 156 237
78 75 83 76
167 59 172 60
80 139 82 142
148 80 153 81
47 60 52 61
134 110 139 111
161 77 166 78
75 248 80 249
75 35 80 36
199 37 200 42
107 79 110 81
121 31 126 32
109 215 112 217
133 206 138 207
188 40 193 41
77 226 80 228
53 235 58 236
69 195 72 197
136 222 141 223
27 102 29 105
176 52 178 55
149 134 154 135
156 63 161 64
76 16 81 17
187 15 192 16
8 0 13 1
170 151 173 153
115 207 120 208
156 200 161 201
157 72 162 73
173 76 178 77
190 142 195 143
92 4 93 9
113 65 116 67
26 182 31 183
119 118 124 119
113 118 118 119
163 107 166 109
115 78 120 79
188 235 190 238
149 37 151 40
66 128 71 129
31 236 33 239
86 79 87 84
96 223 99 225
129 0 131 3
42 217 45 219
71 63 73 66
142 170 147 171
193 51 198 52
126 110 129 112
84 18 85 23
118 238 121 240
98 122 103 123
9 71 12 73
33 10 38 11
195 31 198 33
20 128 23 130
51 108 56 109
107 45 112 46
181 112 184 114
8 80 13 81
10 123 13 125
35 184 40 185
0 83 5 84
187 4 192 5
134 120 139 121
61 141 64 143
120 188 122 191
109 126 114 127
155 22 160 23
0 45 2 48
169 11 172 13
69 68 74 69
188 175 193 176
36 192 39 194
51 34 56 35
133 232 135 235
11 67 14 69
20 94 25 95
31 247 36 248
7 243 9 246
195 192 196 197
12 211 17 212
45 157 47 160
116 220 121 221
0 197 5 198
84 194 86 197
50 154 55 155
141 168 146 169
69 90 71 93
175 73 178 75
21 154 24 156
119 57 120 62
142 66 147 67
157 147 159 150
65 73 68 75
102 64 107 65
133 192 138 193
23 17 26 19
54 242 59 243
97 232 99 235
159 151 162 153
120 162 125 163
168 216 171 218
29 29 34 30
123 202 128 203
48 159 53 160
144 54 147 56
29 190 34 191
41 106 44 108
145 140 147 143
28 52 31 54
140 236 145 237
28 221 29 226
103 202 106 204
106 241 111 242
27 156 30 158
149 136 154 137
83 229 85 232
26 152 31 153
113 243 118 244
190 26 193 28
54 66 56 69
146 90 151 91
0 243 2 246
74 37 79 38
21 135 23 138
101 220 106 221
195 239 200 240
171 163 176 164
88 64 91 66
138 0 143 1
95 194 97 197
22 53 27 54
53 27 56 29
29 204 34 205
182 208 187 209
37 214 42 215
135 84 140 85
73 235 78 236
31 7 34 9
109 116 114 117
148 65 153 66
103 127 108 128
45 98 48 100
144 211 147 213
173 59 178 60
38 108 40 111
115 86 120 87
176 31 179 33
59 29 64 30
165 179 167 182
100 232 105 233
133 30 136 32
63 114 68 115
175 106 180 107
114 98 119 99
160 142 165 143
135 248 140 249
42 14 47 15
84 35 89 36
30 225 33 227
183 38 186 40
78 158 83 159
82 77 87 78
16 93 19 95
20 182 25 183
119 247 121 250
176 215 181 216
103 140 108 141
192 164 197 165
72 25 77 26
112 167 117 168
180 81 183 83
65 174 70 175
51 140 54 142
84 243 89 244
189 190 190 195
6 11 11 12
137 13 142 14
29 40 32 42
128 24 133 25
133 81 134 86
82 48 87 49
140 138 145 139
12 64 17 65
128 100 130 103
103 13 108 14
39 43 44 44
52 184 55 186
195 188 200 189
136 200 141 201
126 98 131 99
133 171 138 172
130 130 135 131
9 209 14 210
27 10 32 11
18 165 21 167
121 86 126 87
6 159 8 162
141 177 143 180
166 36 171 37
168 125 173 126
114 92 115 97
3 115 6 117
147 104 152 105
197 94 200 96
189 51 192 53
87 46 92 47
6 83 11 84
185 91 190 92
111 230 116 231
196 201 198 204
37 146 40 148
114 216 119 217
14 229 19 230
147 248 150 250
90 87 95 88
24 23 29 24
71 140 76 141
31 169 36 170
98 78 103 79
131 181 134 183
6 23 11 24
146 219 149 221
81 118 86 119
47 109 50 111
82 8 87 9
187 96 192 97
73 182 78 183
51 233 56 234
50 206 53 208
52 224 57 225
174 208 177 210
40 51 43 53
62 154 67 155
49 138 54 139
55 148 60 149
196 48 199 50
60 244 65 245
75 163 80 164
82 97 84 100
65 27 67 30
184 186 189 187
152 61 157 62
50 174 52 177
165 220 170 221
36 62 41 63
118 234 123 235
154 228 159 229
118 3 121 5
98 246 101 248
81 143 86 144
39 49 44 50
77 46 82 47
180 198 183 200
34 208 39 209
71 201 76 202
26 14 29 16
145 179 150 180
3 192 8 193
197 110 199 113
103 144 108 145
150 63 155 64
157 179 162 180
96 116 101 117
60 85 65 86
106 15 111 16
174 246 176 249
0 8 2 11
20 88 21 93
174 102 176 105
173 71 178 72
22 194 25 196
86 18 87 23
9 21 14 22
179 196 184 197
6 101 8 104
37 80 40 82
96 126 101 127
140 214 145 215
18 48 21 50
82 128 87 129
65 31 67 34
97 36 102 37
159 100 164 101
45 161 48 163
118 88 123 89
99 93 104 94
0 168 5 169
0 139 3 141
149 152 150 157
160 172 165 173
30 22 33 24
28 92 33 93
0 142 2 145
64 229 69 230
148 87 151 89
124 214 129 215
29 68 30 73
71 116 76 117
167 40 172 41
32 243 37 244
70 180 72 183
20 194 21 199
85 73 90 74
43 172 48 173
189 22 194 23
77 143 80 145
132 106 137 107
98 24 101 26
5 58 8 60
115 160 120 161
146 234 147 239
94 6 97 8
44 206 45 211
122 23 127 24
119 149 121 152
49 161 54 162
162 220 164 223
20 0 25 1
116 144 119 146
15 29 18 31
4 39 5 44
106 93 108 96
15 137 20 138
156 186 157 191
131 242 136 243
155 40 156 45
139 164 144 165
70 241 72 244
97 47 102 48
58 49 61 51
169 74 174 75
58 224 61 226
23 69 28 70
101 243 104 245
125 242 130 243
41 29 46 30
33 149 36 151
90 246 93 248
133 126 138 127
100 72 105 73
174 226 179 227
152 53 154 56
15 241 20 242
17 171 20 173
87 180 92 181
28 165 33 166
43 148 48 149
92 89 94 92
112 148 117 149
144 194 149 195
127 234 132 235
104 205 107 207
109 177 114 178
165 44 168 46
34 101 39 102
42 200 44 203
21 118 26 119
27 110 32 111
70 225 71 230
175 121 180 122
35 160 38 162
71 174 76 175
9 161 14 162
147 222 149 225
149 108 154 109
106 112 111 113
172 142 177 143
3 8 6 10
44 226 49 227
16 217 21 218
104 135 107 137
179 231 184 232
93 224 95 227
2 173 7 174
155 108 158 110
117 230 122 231
67 214 72 215
96 0 101 1
141 11 146 12
46 206 49 208
71 40 76 41
188 207 191 209
6 27 9 29
130 50 135 51
97 104 102 105
162 57 167 58
6 155 8 158
104 108 106 111
191 66 194 68
183 203 188 204
85 214 90 215
173 92 178 93
198 164 199 168
99 118 104 119
88 161 90 164
3 231 6 233
10 180 15 181
152 161 157 162
123 179 128 180
126 162 131 163
106 208 108 211
73 113 76 115
96 98 98 101
35 158 40 159
64 108 69 109
162 218 167 219
78 240 81 242
154 210 159 211
133 152 138 153
51 195 53 198
62 210 67 211
149 204 154 205
166 110 169 112
41 60 46 61
114 76 119 77
157 103 159 106
100 234 105 235
147 11 152 12
174 151 177 153
35 2 37 5
115 72 118 74
73 21 76 23
165 149 170 150
187 242 192 243
87 140 90 142
183 84 188 85
195 138 198 140
49 148 54 149
163 87 166 89
114 135 117 137
98 185 103 186
89 222 94 223
61 46 64 48
35 112 40 113
104 3 109 4
163 72 166 74
124 232 126 235
127 28 130 30
131 122 136 123
58 138 61 140
73 186 74 191
60 207 63 209
173 14 176 16
5 76 10 77
179 55 184 56
75 180 80 181
157 15 162 16
121 25 123 28
44 242 49 243
190 126 192 129
168 179 173 180
101 27 104 29
145 44 150 45
26 199 29 201
143 30 148 31
3 243 6 245
106 182 111 183
42 113 44 116
180 123 185 124
116 92 121 93
102 164 104 167
61 33 64 35
178 201 183 202
179 91 184 92
91 140 96 141
194 62 197 64
21 9 24 11
193 201 195 204
86 202 91 203
100 206 103 208
59 12 64 13
68 87 71 89
176 61 181 62
43 65 48 66
108 136 113 137
165 222 170 223
134 87 137 89
111 36 116 37
122 236 124 239
140 246 145 247
192 144 193 149
166 172 171 173
53 218 55 221
125 83 128 85
111 142 116 143
148 238 151 240
10 133 15 134
120 80 122 83
125 118 130 119
34 179 37 181
153 10 156 12
193 158 198 159
146 3 149 5
117 25 120 27
45 167 48 169
100 216 105 217
184 175 187 177
94 212 99 213
94 69 97 71
133 140 138 141
169 240 174 241
30 102 33 104
74 109 79 110
116 20 121 21
27 118 32 119
116 122 121 123
128 21 131 23
167 224 172 225
175 188 176 193
112 232 117 233
160 69 163 71
150 122 155 123
115 116 120 117
105 28 110 29
144 176 149 177
190 88 193 90
112 194 115 196
182 150 187 151
100 9 105 10
116 102 121 103
113 188 118 189
164 174 167 176
46 121 51 122
136 204 141 205
191 54 196 55
0 179 1 184
192 248 197 249
122 11 125 13
50 202 52 205
96 17 98 20
23 31 26 33
46 146 51 147
193 181 196 183
124 168 127 170
83 154 86 156
2 32 4 35
24 82 25 87
27 159 29 162
18 192 23 193
75 218 77 221
129 59 132 61
132 186 133 191
6 163 7 168
12 242 14 245
11 156 16 157
108 239 113 240
9 145 11 148
45 232 50 233
157 26 159 29
183 169 186 171
0 187 3 189
64 121 66 124
14 32 16 35
53 132 58 133
41 109 46 110
0 190 2 193
106 186 111 187
91 13 96 14
151 43 154 45
84 176 89 177
126 62 128 65
135 202 140 203
83 151 86 153
189 138 194 139
4 101 5 106
179 98 180 103
123 62 125 65
197 218 200 219
161 204 166 205
84 182 86 185
141 20 146 21
159 181 164 182
118 28 120 31
189 188 194 189
90 157 93 159
42 244 47 245
117 16 119 19
53 174 58 175
78 178 83 179
74 61 76 64
160 227 165 228
93 243 96 245
119 40 121 43
95 36 96 41
6 179 9 181
114 162 119 163
108 63 113 64
15 41 18 43
48 187 51 189
50 216 55 217
54 85 59 86
122 155 125 157
169 234 174 235
115 212 117 215
73 73 78 74
191 218 196 219
159 107 162 109
40 190 41 195
47 239 52 240
17 106 20 108
63 188 68 189
60 195 65 196
118 186 123 187
0 221 5 222
34 84 39 85
0 119 5 120
98 52 100 55
113 150 114 155
195 59 200 60
14 171 16 174
89 132 94 133
102 11 107 12
70 16 75 17
156 122 157 127
77 136 80 138
107 43 112 44
90 242 92 245
114 32 119 33
153 188 155 191
96 64 101 65
49 42 54 43
188 167 193 168
86 216 91 217
54 89 55 94
128 14 133 15
103 213 106 215
146 120 151 121
67 63 70 65
132 158 133 163
121 164 126 165
131 102 136 103
95 62 100 63
142 22 147 23
42 26 45 28
53 166 58 167
199 152 200 157
170 184 175 185
13 186 18 187
104 69 107 71
107 108 112 109
133 173 138 174
106 222 109 224
133 56 134 61
33 146 36 148
116 177 121 178
25 138 30 139
91 170 94 172
127 206 132 207
143 146 146 148
177 104 182 105
174 17 179 18
54 52 56 55
174 19 179 20
118 166 123 167
98 6 101 8
182 15 183 20
153 35 158 36
46 209 49 211
142 134 145 136
120 216 125 217
12 58 14 61
32 116 37 117
12 165 17 166
11 174 13 177
178 236 183 237
160 183 165 184
177 172 179 175
131 118 136 119
87 155 92 156
130 204 135 205
180 190 185 191
127 31 132 32
81 130 84 132
158 90 159 95
110 222 112 225
97 154 102 155
167 232 172 233
197 192 199 195
79 165 82 167
61 174 64 176
9 234 14 235
157 155 159 158
159 44 164 45
38 14 41 16
153 82 158 83
178 132 181 134
127 6 132 7
189 183 192 185
74 56 77 58
119 224 124 225
181 223 183 226
49 76 54 77
75 188 77 191
169 245 170 250
3 97 8 98
195 98 200 99
35 138 38 140
2 0 7 1
155 13 160 14
70 238 73 240
113 224 118 225
177 148 182 149
171 194 176 195
127 126 132 127
53 104 58 105
107 57 112 58
105 130 110 131
123 16 125 19
19 14 21 17
45 31 50 32
124 78 129 79
178 142 183 143
186 0 191 1
27 184 30 186
61 101 64 103
147 226 152 227
25 6 26 11
151 15 156 16
23 108 28 109
186 10 191 11
22 14 25 16
18 34 23 35
188 244 193 245
154 112 157 114
131 43 134 45
59 63 62 65
47 235 52 236
73 131 74 136
120 6 125 7
196 141 199 143
152 163 155 165
145 115 148 117
75 186 80 187
122 128 127 129
102 168 107 169
39 94 41 97
104 122 109 123
181 175 183 178
115 126 120 127
94 198 97 200
131 62 134 64
12 121 17 122
58 181 61 183
140 120 145 121
153 192 158 193
119 44 124 45
197 144 200 146
78 124 81 126
180 0 185 1
169 5 170 10
140 198 145 199
42 126 47 127
154 124 155 129
72 85 77 86
159 216 164 217
95 162 97 165
68 216 73 217
94 15 99 16
138 88 143 89
53 203 58 204
120 98 125 99
44 140 46 143
172 134 177 135
168 174 171 176
176 140 181 141
14 188 17 190
141 8 144 10
6 207 8 210
169 188 172 190
33 50 38 51
11 76 13 79
40 221 45 222
179 245 181 248
99 114 104 115
74 81 76 84
16 194 19 196
192 160 197 161
174 63 179 64
66 16 69 18
190 186 195 187
115 120 120 121
173 10 175 13
116 8 118 11
95 192 100 193
91 0 93 3
172 52 175 54
108 76 113 77
47 72 52 73
160 26 163 28
81 68 86 69
79 229 82 231
82 123 85 125
43 88 48 89
122 20 127 21
162 136 167 137
197 214 199 217
184 217 187 219
67 162 70 164
10 92 15 93
0 49 2 52
171 107 174 109
68 94 73 95
39 186 41 189
132 92 137 93
55 163 60 164
0 247 3 249
0 74 3 76
57 66 60 68
121 59 124 61
115 62 118 64
2 36 3 41
72 87 77 88
177 146 182 147
41 8 46 9
55 231 60 232
58 123 61 125
55 97 60 98
44 152 45 156
116 194 121 195
46 83 51 84
34 156 39 157
188 177 190 180
38 45 40 48
0 146 1 151
0 129 2 132
151 75 156 76
18 226 21 228
179 69 181 72
38 224 43 225
133 16 135 19
5 175 10 176
93 49 96 51
10 27 13 29
118 212 123 213
141 83 146 84
134 148 136 151
100 209 105 210
174 242 176 245
31 88 36 89
93 102 98 103
40 196 42 199
183 95 186 97
28 25 33 26
52 16 55 18
58 227 60 230
52 87 57 88
159 35 162 37
77 6 82 7
93 98 95 101
137 62 142 63
63 212 68 213
118 169 123 170
94 218 97 220
186 210 191 211
123 188 128 189
187 12 190 14
114 53 117 55
12 128 17 129
2 2 4 5
42 192 47 193
102 6 105 8
184 36 189 37
59 31 64 32
41 17 44 19
8 163 10 166
2 205 7 206
10 53 13 55
94 203 97 205
14 175 17 177
134 186 139 187
143 161 148 162
14 4 16 7
103 104 108 105
196 118 199 120
148 234 150 237
176 23 181 24
8 36 13 37
16 248 21 249
192 237 194 240
103 160 108 161
123 142 128 143
195 56 198 58
103 189 106 191
130 46 135 47
25 34 30 35
187 93 190 95
181 121 186 122
66 181 69 183
5 146 8 148
116 155 118 158
196 205 199 207
170 24 175 25
152 87 155 89
178 129 181 131
100 112 105 113
138 2 140 5
31 176 34 178
127 200 132 201
185 51 188 53
102 22 107 23
27 6 29 9
96 166 101 167
163 6 168 7
139 41 142 43
142 172 144 175
111 28 116 29
101 62 106 63
87 143 92 144
49 116 52 118
131 100 136 101
80 37 85 38
88 239 91 241
47 150 52 151
169 85 174 86
91 162 94 164
32 86 37 87
176 10 179 12
172 172 173 177
163 83 168 84
191 29 196 30
67 124 69 127
138 122 143 123
84 159 89 160
149 30 154 31
41 182 43 185
39 31 44 32
181 67 186 68
68 203 73 204
174 228 176 231
138 52 139 57
48 157 53 158
127 120 132 121
161 95 164 97
158 140 163 141
93 67 98 68
31 141 36 142
149 59 151 62
71 138 76 139
98 69 103 70
183 104 188 105
88 39 91 41
35 8 40 9
145 163 148 165
17 4 22 5
192 103 195 105
108 70 113 71
149 115 152 117
44 182 47 184
66 190 68 193
177 165 182 166
47 140 50 142
152 206 157 207
14 123 17 125
54 114 59 115
161 38 166 39
93 27 96 29
144 0 145 5
191 231 196 232
172 65 177 66
44 176 49 177
136 146 141 147
162 0 167 1
9 45 11 48
88 167 91 169
139 159 144 160
121 38 126 39
40 141 43 143
115 38 120 39
177 78 180 80
117 114 122 115
191 91 193 94
88 25 93 26
171 100 176 101
175 44 180 45
149 96 154 97
156 230 161 231
163 75 168 76
121 196 124 198
43 117 48 118
198 0 200 3
117 36 122 37
45 199 48 201
117 209 120 211
102 30 107 31
170 89 173 91
121 104 126 105
39 10 44 11
6 137 11 138
64 170 69 171
12 130 15 132
146 38 148 41
184 80 189 81
65 40 70 41
153 219 155 222
13 139 18 140
14 27 19 28
130 175 135 176
20 215 25 216
116 222 121 223
194 144 196 147
138 212 143 213
168 17 173 18
183 138 188 139
90 151 93 153
156 2 159 4
4 170 9 171
147 202 152 203
161 212 163 215
4 54 9 55
38 86 43 87
87 103 92 104
90 208 92 211
62 76 65 78
59 246 64 247
73 8 75 11
71 132 72 137
180 173 185 174
90 124 95 125
2 107 4 110
179 73 184 74
31 3 34 5
11 107 16 108
29 146 32 148
79 121 84 122
10 117 11 122
108 90 111 92
4 162 5 167
19 40 21 43
112 197 117 198
28 74 30 77
0 211 2 214
139 6 144 7
114 245 117 247
149 98 150 103
122 0 125 2
26 97 31 98
171 242 173 245
63 89 64 94
30 112 32 115
59 150 64 151
18 63 23 64
55 178 58 180
138 58 143 59
93 208 95 211
34 237 37 239
9 154 10 159
38 124 43 125
88 21 90 24
101 89 104 91
34 92 39 93
2 228 5 230
194 148 199 149
42 62 45 64
88 245 89 250
12 38 15 40
112 124 117 125
18 23 23 24
99 134 100 139
198 61 200 64
71 51 74 53
188 150 193 151
36 94 38 97
82 190 83 195
195 121 200 122
81 27 84 29
140 196 145 197
6 211 11 212
94 59 97 61
50 226 55 227
176 211 178 214
192 106 197 107
101 58 103 61
93 46 96 48
141 110 144 112
114 192 119 193
88 212 93 213
133 198 135 201
144 57 149 58
97 41 100 43
26 80 27 85
150 219 152 222
71 12 76 13
55 160 58 162
130 244 135 245
111 190 113 193
128 247 133 248
128 133 131 135
48 114 53 115
148 210 153 211
3 152 6 154
14 76 15 81
136 214 139 216
124 46 129 47
118 128 121 130
198 88 199 93
23 12 28 13
158 238 161 240
135 142 140 143
84 32 87 34
19 239 24 240
124 211 127 213
135 8 140 9
35 29 40 30
0 77 1 82
182 140 187 141
50 38 55 39
113 156 115 159
131 8 134 10
29 12 34 13
108 38 113 39
16 25 21 26
159 38 160 43
87 43 90 45
22 247 27 248
56 218 58 221
22 234 27 235
62 81 67 82
78 56 80 59
6 219 9 221
39 231 44 232
112 23 117 24
128 168 130 171
76 124 77 129
105 142 110 143
32 96 35 98
155 133 158 135
142 132 147 133
139 181 142 183
175 224 180 225
34 80 36 83
124 166 129 167
81 226 84 228
14 84 19 85
44 170 49 171
171 7 174 9
60 186 62 189
44 38 49 39
97 110 99 113
172 156 177 157
182 247 185 249
94 80 99 81
139 156 142 158
174 57 179 58
151 144 154 146
70 54 75 55
116 100 121 101
153 168 158 169
34 22 39 23
163 2 165 5
54 197 59 198
49 97 54 98
41 157 44 159
87 170 90 172
77 152 82 153
134 177 139 178
65 4 70 5
186 172 189 174
62 184 67 185
146 72 148 75
97 160 102 161
30 55 33 57
98 177 101 179
77 12 82 13
177 138 182 139
80 89 85 90
68 102 73 103
121 120 126 121
15 111 20 112
74 226 76 229
165 115 170 116
55 99 60 100
109 17 112 19
87 118 92 119
96 175 101 176
0 165 3 167
45 230 50 231
184 12 186 15
30 199 33 201
179 158 184 159
191 77 196 78
57 212 62 213
28 217 33 218
170 229 173 231
85 14 90 15
187 29 190 31
138 92 143 93
54 181 57 183
69 149 72 151
145 191 148 193
173 204 178 205
43 248 48 249
86 237 91 238
97 230 102 231
152 183 155 185
48 94 51 96
78 220 83 221
86 110 89 112
157 115 162 116
134 104 139 105
61 231 66 232
174 129 177 131
176 184 181 185
105 89 107 92
108 168 111 170
67 106 72 107
171 165 176 166
149 110 154 111
27 99 30 101
116 171 121 172
31 33 36 34
195 110 196 115
41 204 46 205
156 84 159 86
57 233 62 234
171 26 176 27
147 181 152 182
194 166 197 168
64 208 69 209
150 85 155 86
181 102 186 103
181 227 186 228
175 108 180 109
142 142 144 145
134 219 137 221
173 38 178 39
155 118 160 119
139 99 142 101
96 226 101 227
97 249 102 250
193 233 198 234
172 69 177 70
89 194 94 195
27 36 32 37
144 106 149 107
74 203 79 204
197 177 200 179
51 212 56 213
104 146 109 147
72 14 77 15
182 119 187 120
175 161 180 162
181 240 184 242
70 124 72 127
143 108 148 109
7 230 9 233
162 17 167 18
72 78 75 80
21 106 26 107
43 246 48 247
134 11 136 14
102 106 107 107
9 213 14 214
111 78 114 80
92 237 94 240
169 95 174 96
10 229 13 231
19 115 24 116
144 208 147 210
86 220 91 221
56 89 58 92
22 249 27 250
47 7 50 9
76 10 81 11
160 85 165 86
37 105 40 107
59 174 60 179
150 193 152 196
179 53 184 54
53 199 55 202
12 199 15 201
85 226 88 228
190 59 192 62
191 101 196 102
166 226 169 228
73 176 74 181
132 208 135 210
175 34 180 35
106 228 111 229
86 229 88 232
155 53 160 54
77 103 80 105
59 27 64 28
136 184 141 185
49 87 51 90
167 208 169 211
188 130 190 133
38 152 43 153
38 57 40 60
26 0 28 3
13 70 18 71
21 170 23 173
51 30 56 31
137 28 140 30
143 157 148 158
171 132 176 133
6 199 7 204
48 190 51 192
72 0 77 1
63 21 65 24
0 16 3 18
47 132 52 133
137 236 139 239
78 14 83 15
17 157 22 158
194 26 199 27
17 159 22 160
171 121 174 123
107 51 112 52
40 208 43 210
131 224 136 225
100 109 103 111
0 236 5 237
50 50 53 52
23 50 26 52
10 90 15 91
123 173 128 174
19 68 22 70
25 78 30 79
185 238 187 241
85 75 90 76
121 140 126 141
70 198 73 200
16 74 19 76
17 154 20 156
38 70 40 73
136 244 141 245
168 154 173 155
124 185 129 186
32 143 35 145
92 37 94 40
53 59 55 62
0 30 1 35
45 106 48 108
72 59 77 60
6 5 9 7
115 140 120 141
180 46 183 48
16 231 19 233
60 71 65 72
58 78 61 80
120 50 125 51
0 205 1 210
65 100 67 103
151 232 153 235
100 32 102 35
55 246 58 248
185 73 190 74
12 117 14 120
77 139 79 142
68 38 73 39
113 81 116 83
147 168 152 169
61 116 64 118
141 68 146 69
80 196 83 198
142 166 147 167
82 241 87 242
73 104 76 106
0 226 1 231
183 57 188 58
83 145 84 150
89 91 91 94
126 106 131 107
64 132 66 135
70 56 73 58
67 51 70 53
92 216 93 221
167 212 172 213
165 197 170 198
83 4 88 5
54 72 59 73
156 128 161 129
98 56 103 57
11 159 16 160
188 86 193 87
99 130 104 131
191 154 192 159
105 173 110 174
18 65 21 67
68 96 73 97
190 119 195 120
115 104 120 105
118 175 123 176
12 48 17 49
41 117 42 122
59 89 62 91
59 40 64 41
86 218 91 219
190 171 193 173
85 149 90 150
102 0 105 2
2 91 3 96
81 33 83 36
101 162 106 163
151 147 156 148
160 156 165 157
154 80 159 81
170 30 173 32
57 69 62 70
179 84 182 86
189 144 191 147
159 132 164 133
73 218 74 223
97 120 102 121
184 142 189 143
39 20 44 21
194 171 199 172
127 198 132 199
76 210 81 211
80 216 85 217
141 226 146 227
130 214 135 215
167 214 172 215
80 203 85 204
49 172 54 173
162 127 165 129
121 159 124 161
148 94 153 95
184 235 187 237
70 169 75 170
117 142 122 143
94 9 99 10
173 97 176 99
118 136 123 137
34 198 37 200
0 238 5 239
3 11 5 14
31 184 34 186
139 102 144 103
68 61 73 62
74 111 79 112
193 220 195 223
45 113 47 116
146 134 148 137
103 18 108 19
158 206 161 208
158 138 163 139
46 154 49 156
31 120 34 122
149 149 152 151
127 86 132 87
155 29 156 34
187 181 192 182
107 118 112 119
78 65 81 67
0 194 5 195
165 247 168 249
152 238 157 239
144 32 146 35
124 240 129 241
154 173 156 176
30 194 35 195
4 85 7 87
108 132 110 135
114 6 119 7
118 22 121 24
85 245 87 248
108 162 113 163
183 75 186 77
184 198 189 199
136 144 141 145
193 184 198 185
175 84 178 86
138 80 141 82
64 19 69 20
23 163 28 164
174 182 179 183
124 133 127 135
97 214 102 215
150 20 155 21
67 172 72 173
193 192 194 197
134 0 137 2
70 205 72 208
129 202 134 203
182 43 185 45
79 133 82 135
183 163 185 166
171 115 176 116
152 138 157 139
168 52 171 54
46 128 51 129
132 54 137 55
128 138 133 139
140 33 143 35
159 247 164 248
88 82 91 84
157 236 162 237
102 174 104 177
90 126 95 127
2 77 4 80
98 197 99 202
25 59 28 61
82 126 87 127
3 234 8 235
117 66 122 67
137 31 142 32
99 203 102 205
120 144 125 145
174 117 179 118
187 75 192 76
0 136 3 138
55 42 60 43
38 195 39 200
126 155 129 157
47 40 52 41
64 206 69 207
60 199 63 201
42 94 47 95
105 36 110 37
84 101 89 102
114 204 117 206
54 195 59 196
8 85 11 87
33 17 36 19
69 22 72 24
177 163 182 164
76 89 79 91
15 102 20 103
60 197 65 198
27 20 32 21
180 57 182 60
13 184 18 185
97 38 100 40
58 186 59 191
22 221 27 222
89 52 94 53
104 132 107 134
41 165 46 166
124 181 126 184
151 155 153 158
29 243 31 246
173 188 174 193
6 39 11 40
78 84 81 86
49 16 51 19
191 177 196 178
160 91 165 92
168 167 171 169
24 129 29 130
44 123 47 125
194 198 197 200
108 97 110 100
136 166 141 167
151 6 156 7
26 219 31 220
63 165 66 167
56 83 61 84
61 97 63 100
192 48 195 50
181 93 186 94
72 118 74 121
190 221 192 224
106 216 108 219
184 200 189 201
52 89 53 94
57 108 59 111
6 222 9 224
72 76 77 77
153 115 156 117
126 16 129 18
55 214 60 215
2 81 7 82
65 159 68 161
96 30 101 31
136 50 141 51
171 201 174 203
182 167 187 168
29 60 34 61
8 121 9 126
10 215 13 217
122 220 127 221
141 208 143 211
3 129 8 130
136 70 141 71
78 87 83 88
58 237 60 240
35 135 38 137
54 112 59 113
16 133 21 134
64 51 66 54
149 216 152 218
12 82 13 87
166 65 171 66
176 28 179 30
115 248 118 250
61 227 63 230
71 162 74 164
161 13 166 14
64 226 67 228
40 22 45 23
134 90 139 91
151 32 154 34
100 241 105 242
109 209 112 211
43 76 48 77
0 91 1 96
10 94 13 96
76 78 81 79
160 232 162 235
194 86 199 87
124 33 127 35
136 228 141 229
105 98 107 101
33 249 38 250
167 242 170 244
167 158 172 159
178 126 181 128
178 176 180 179
194 70 199 71
168 28 173 29
129 142 134 143
19 71 24 72
24 143 27 145
172 127 177 128
85 39 87 42
92 56 93 61
2 146 4 149
60 156 62 159
56 170 61 171
83 52 85 55
145 101 148 103
177 25 182 26
159 168 164 169
169 191 172 193
132 134 137 135
15 135 20 136
78 127 81 129
54 44 59 45
12 227 17 228
159 144 162 146
32 196 37 197
193 95 196 97
28 80 33 81
88 18 91 20
122 72 125 74
97 140 102 141
170 49 173 51
135 43 138 45
40 24 45 25
6 127 11 128
123 190 128 191
123 80 126 82
175 8 180 9
189 115 194 116
131 40 134 42
174 28 175 33
163 235 168 236
3 144 8 145
181 4 186 5
34 55 37 57
74 156 79 157
83 113 88 114
105 166 110 167
81 199 83 202
13 115 18 116
144 76 147 78
18 113 23 114
130 77 133 79
43 73 46 75
74 184 79 185
131 65 134 67
6 88 9 90
46 78 51 79
49 199 52 201
75 222 80 223
81 186 86 187
157 11 162 12
83 207 88 208
50 130 55 131
112 112 117 113
26 27 31 28
105 148 110 149
54 192 57 194
77 229 78 234
121 206 126 207
142 25 147 26
141 28 146 29
139 234 144 235
122 102 127 103
197 229 199 232
159 134 164 135
42 237 47 238
193 38 198 39
121 218 126 219
191 229 196 230
140 76 143 78
15 36 20 37
139 15 144 16
24 135 27 137
47 0 52 1
102 87 107 88
194 44 196 47
67 239 69 242
182 41 187 42
186 22 188 25
127 192 132 193
90 95 93 97
130 228 135 229
28 126 33 127
163 11 168 12
170 110 175 111
33 43 38 44
21 141 26 142
68 48 71 50
99 228 104 229
34 225 37 227
9 30 14 31
71 231 76 232
70 98 75 99
157 173 159 176
51 101 52 105
118 134 123 135
190 198 193 200
104 76 107 78
102 24 107 25
153 202 158 203
107 158 112 159
17 12 22 13
115 201 118 203
93 241 98 242
129 187 131 190
140 128 145 129
148 22 150 25
137 242 142 243
118 214 123 215
170 208 173 210
23 184 26 186
107 152 112 153
76 169 81 170
126 144 131 145
52 78 57 79
66 59 71 60
71 245 74 247
134 188 136 191
190 45 193 47
187 17 192 18
45 56 50 57
182 21 185 23
126 50 129 52
78 188 81 190
109 218 114 219
25 187 28 189
10 242 11 247
9 97 10 102
0 121 5 122
0 215 2 218
107 212 110 214
17 104 22 105
77 18 79 21
71 81 73 84
47 33 50 35
158 130 163 131
20 27 25 28
45 4 48 6
81 180 86 181
135 56 137 59
32 52 35 54
47 136 52 137
79 42 84 43
0 152 2 155
48 182 53 183
11 163 16 164
75 133 78 135
52 143 54 146
6 197 11 198
68 100 73 101
82 209 85 211
83 170 86 172
106 194 111 195
32 231 34 234
184 16 186 19
26 40 28 43
29 0 30 5
188 239 191 241
47 74 52 75
85 95 86 100
29 58 34 59
14 54 17 56
70 18 72 21
100 74 105 75
92 76 97 77
0 23 5 24
109 154 112 156
2 179 5 181
91 72 96 73
22 133 27 134
0 28 5 29
74 100 77 102
112 169 117 170
43 35 46 37
84 30 89 31
174 172 176 175
175 4 180 5
180 27 185 28
97 27 100 29
26 120 27 125
111 128 113 131
4 25 9 26
24 223 27 225
59 4 64 5
33 31 38 32
33 158 34 163
2 56 7 57
105 32 107 35
181 243 186 244
6 194 9 196
92 130 97 131
197 14 199 17
157 8 160 10
147 146 150 148
118 112 123 113
154 49 159 50
152 120 157 121
127 153 132 154
160 102 165 103
125 196 130 197
3 47 8 48
0 170 3 172
109 120 114 121
4 36 7 38
46 22 47 27
158 218 159 223
182 133 187 134
132 33 135 35
37 74 42 75
128 40 130 43
106 74 111 75
5 32 10 33
178 208 181 210
38 242 43 243
161 154 166 155
43 144 45 147
65 35 68 37
174 199 179 200
85 135 88 137
93 142 98 143
101 170 103 173
185 158 190 159
75 161 80 162
54 125 57 127
177 194 182 195
148 207 151 209
35 68 40 69
89 54 94 55
164 138 166 141
19 150 24 151
166 105 171 106
132 20 134 23
141 36 146 37
41 5 44 7
41 45 43 48
0 158 5 159
136 175 141 176
19 29 22 31
26 46 31 47
187 225 188 230
63 63 66 65
143 204 148 205
101 45 106 46
116 94 121 95
38 244 41 246
194 205 195 210
30 14 33 16
125 130 128 132
58 192 61 194
107 59 109 62
33 187 38 188
56 154 61 155
114 128 117 130
65 201 70 202
163 158 166 160
160 93 165 94
93 228 98 229
148 46 153 47
182 87 187 88
141 202 146 203
51 56 54 58
16 87 19 89
139 140 144 141
109 207 114 208
120 16 122 19
90 11 95 12
43 214 48 215
126 4 131 5
124 88 127 90
9 205 14 206
184 223 189 224
77 200 80 202
92 78 97 79
160 218 161 223
128 92 131 94
126 72 131 73
175 240 180 241
83 50 88 51
143 99 148 100
18 245 21 247
189 56 192 58
170 181 173 183
114 70 119 71
194 244 197 246
90 69 93 71
84 56 87 58
51 10 56 11
57 27 58 32
19 147 22 149
31 90 36 91
88 59 91 61
21 177 26 178
12 246 17 247
179 211 181 214
166 33 169 35
187 38 192 39
6 238 11 239
24 63 29 64
41 70 44 72
2 30 7 31
152 37 154 40
156 20 161 21
4 217 9 218
196 6 200 7
194 132 196 135
37 76 42 77
124 228 129 229
177 98 178 103
182 130 187 131
186 148 191 149
48 45 53 46
73 167 78 168
197 53 200 55
63 248 68 249
112 0 117 1
160 79 165 80
65 12 70 13
192 225 197 226
62 132 63 137
173 158 178 159
106 49 111 50
169 97 172 99
124 136 129 137
192 42 197 43
6 113 11 114
88 8 91 10
25 149 28 151
37 40 40 42
160 48 165 49
123 199 126 201
110 122 115 123
136 130 141 131
14 0 19 1
197 128 199 131
62 79 67 80
46 92 51 93
56 130 61 131
70 176 72 179
70 27 73 29
186 165 191 166
170 129 173 131
148 228 153 229
147 32 150 34
155 136 160 137
67 132 70 134
181 109 184 111
122 3 125 5
109 140 114 141
109 104 114 105
23 102 26 104
95 170 100 171
87 182 88 187
62 216 67 217
77 54 82 55
134 226 139 227
73 196 78 197
115 131 118 133
108 87 111 89
24 192 29 193
156 87 159 89
62 49 67 50
114 106 119 107
163 15 168 16
146 196 149 198
112 47 117 48
37 167 40 169
43 119 45 122
15 66 17 69
182 2 187 3
138 132 141 134
19 2 24 3
28 133 30 136
33 221 35 224
143 149 148 150
38 55 43 56
54 239 57 241
22 92 27 93
71 233 76 234
167 85 168 89
69 73 72 75
43 90 48 91
0 19 2 22
19 237 24 238
18 53 21 55
57 46 60 48
166 183 169 185
74 94 79 95
167 77 172 78
38 130 41 132
27 31 32 32
32 46 34 49
48 85 53 86
20 200 25 201
48 184 51 186
6 41 11 42
48 244 53 245
113 57 114 62
15 243 20 244
101 132 103 135
9 189 11 192
186 43 191 44
180 153 185 154
15 57 16 62
54 156 56 159
0 156 5 157
2 111 7 112
157 5 160 7
142 46 147 47
6 61 8 64
27 176 30 178
114 238 117 240
45 48 50 49
47 28 52 29
185 109 188 111
45 19 48 21
164 50 169 51
9 58 11 61
161 241 162 246
11 154 16 155
7 247 9 250
69 210 72 212
31 82 33 85
189 225 191 228
61 172 66 173
139 44 144 45
87 97 89 100
106 196 111 197
52 95 57 96
47 67 50 69
0 101 1 106
88 16 93 17
78 92 83 93
115 164 120 165
134 94 137 96
93 180 98 181
94 246 97 248
142 70 147 71
186 162 189 164
33 110 34 115
127 181 130 183
23 73 24 78
86 209 89 211
118 124 123 125
6 43 11 44
181 33 184 35
94 187 99 188
56 58 59 60
56 136 61 137
95 82 98 84
12 15 15 17
111 26 116 27
22 217 27 218
47 103 50 105
20 98 25 99
5 177 10 178
143 118 148 119
155 204 160 205
21 207 23 210
117 56 118 61
88 56 91 58
84 91 86 94
68 222 69 227
107 202 110 204
158 46 163 47
180 29 182 32
3 19 8 20
150 106 155 107
185 106 188 108
92 82 94 85
55 6 60 7
32 152 37 153
139 170 141 173
110 59 112 62
33 118 38 119
133 164 138 165
53 134 55 137
30 94 35 95
120 68 122 71
48 54 53 55
189 202 192 204
58 152 63 153
195 237 200 238
119 243 124 244
137 156 138 161
153 72 156 74
17 6 18 11
48 123 51 125
74 224 79 225
147 18 149 21
137 188 142 189
118 232 123 233
162 199 167 200
11 97 13 100
12 197 17 198
188 140 193 141
105 164 110 165
56 134 61 135
83 45 86 47
153 181 158 182
125 59 128 61
8 172 13 173
161 22 166 23
85 27 88 29
134 246 139 247
178 65 183 66
192 152 197 153
9 18 12 20
189 111 194 112
185 196 190 197
0 42 3 44
163 33 165 36
100 182 105 183
36 52 39 54
7 105 12 106
49 106 54 107
108 205 113 206
145 62 148 64
124 124 129 125
106 102 111 103
46 62 51 63
154 65 159 66
88 32 93 33
46 228 51 229
121 76 123 79
0 0 1 5
119 8 122 10
28 82 30 85
124 146 129 147
63 233 66 235
134 74 135 79
168 206 173 207
135 112 140 113
193 154 195 157
195 108 200 109
37 247 42 248
56 199 59 201
54 2 59 3
63 10 68 11
177 228 180 230
123 68 128 69
161 29 163 32
189 84 194 85
196 220 198 223
186 69 189 71
157 244 158 249
36 143 39 145
15 178 20 179
124 245 129 246
119 55 124 56
125 224 130 225
80 18 83 20
131 194 133 197
106 72 111 73
52 237 57 238
195 84 200 85
161 59 166 60
168 237 171 239
66 14 71 15
166 229 169 231
129 36 134 37
68 33 73 34
144 48 149 49
158 122 161 124
97 128 102 129
91 204 93 207
154 46 157 48
72 31 77 32
8 149 11 151
180 206 185 207
136 74 139 76
127 57 132 58
168 57 173 58
137 97 138 102
52 187 57 188
165 146 168 148
0 199 1 204
61 214 66 215
100 187 105 188
191 130 196 131
154 17 157 19
191 72 194 74
148 54 151 56
157 33 162 34
184 221 189 222
154 166 159 167
125 91 127 94
148 174 153 175
84 218 85 223
3 131 8 132
78 25 83 26
194 82 199 83
135 40 138 42
50 170 55 171
